<?xml version="1.0" encoding="UTF-8" ?>
<testsuite failures="0" time="0.028" errors="0" skipped="0" tests="1" name="mil.spawar.esf2.jaxws.client.AppTest">
  <properties>
    <property name="java.runtime.name" value="OpenJDK Runtime Environment"/>
    <property name="sun.boot.library.path" value="/usr/lib/jvm/java-1.6.0-openjdk-1.6.0.0/jre/lib/i386"/>
    <property name="java.vm.version" value="20.0-b11"/>
    <property name="java.vm.vendor" value="Sun Microsystems Inc."/>
    <property name="java.vendor.url" value="http://java.sun.com/"/>
    <property name="path.separator" value=":"/>
    <property name="java.vm.name" value="OpenJDK Client VM"/>
    <property name="file.encoding.pkg" value="sun.io"/>
    <property name="user.country" value="US"/>
    <property name="sun.java.launcher" value="SUN_STANDARD"/>
    <property name="sun.os.patch.level" value="unknown"/>
    <property name="java.vm.specification.name" value="Java Virtual Machine Specification"/>
    <property name="user.dir" value="/home/jboss/workspace/MyMvnWorkspaces/esf2-jaxws"/>
    <property name="java.runtime.version" value="1.6.0_22-b22"/>
    <property name="java.awt.graphicsenv" value="sun.awt.X11GraphicsEnvironment"/>
    <property name="basedir" value="/home/jboss/workspace/MyMvnWorkspaces/esf2-jaxws"/>
    <property name="java.endorsed.dirs" value="/usr/lib/jvm/java-1.6.0-openjdk-1.6.0.0/jre/lib/endorsed"/>
    <property name="os.arch" value="i386"/>
    <property name="surefire.real.class.path" value="/home/jboss/workspace/MyMvnWorkspaces/esf2-jaxws/target/surefire/surefirebooter1202803639402647672.jar"/>
    <property name="java.io.tmpdir" value="/tmp"/>
    <property name="line.separator" value="
"/>
    <property name="java.vm.specification.vendor" value="Sun Microsystems Inc."/>
    <property name="os.name" value="Linux"/>
    <property name="sun.jnu.encoding" value="UTF-8"/>
    <property name="java.library.path" value="/usr/lib/jvm/java-1.6.0-openjdk-1.6.0.0/jre/lib/i386/client:/usr/lib/jvm/java-1.6.0-openjdk-1.6.0.0/jre/lib/i386:/usr/lib/jvm/java-1.6.0-openjdk-1.6.0.0/jre/../lib/i386:/usr/java/packages/lib/i386:/lib:/usr/lib"/>
    <property name="surefire.test.class.path" value="/home/jboss/workspace/MyMvnWorkspaces/esf2-jaxws/target/test-classes:/home/jboss/workspace/MyMvnWorkspaces/esf2-jaxws/target/classes:/home/jboss/.m2/repository/tomcat/catalina/4.0.4/catalina-4.0.4.jar:/home/jboss/.m2/repository/apache-tomcat/catalina/5.5.12/catalina-5.5.12.jar:/home/jboss/.m2/repository/org/springframework/security/spring-security-web/3.1.3.RELEASE/spring-security-web-3.1.3.RELEASE.jar:/home/jboss/.m2/repository/org/springframework/spring-jdbc/3.0.7.RELEASE/spring-jdbc-3.0.7.RELEASE.jar:/home/jboss/.m2/repository/org/springframework/spring-aop/3.0.7.RELEASE/spring-aop-3.0.7.RELEASE.jar:/home/jboss/.m2/repository/org/springframework/spring-asm/3.0.7.RELEASE/spring-asm-3.0.7.RELEASE.jar:/home/jboss/.m2/repository/org/springframework/security/spring-security-core/3.1.3.RELEASE/spring-security-core-3.1.3.RELEASE.jar:/home/jboss/.m2/repository/org/springframework/spring-web/3.0.7.RELEASE/spring-web-3.0.7.RELEASE.jar:/home/jboss/.m2/repository/org/springframework/spring-tx/3.0.7.RELEASE/spring-tx-3.0.7.RELEASE.jar:/home/jboss/.m2/repository/aopalliance/aopalliance/1.0/aopalliance-1.0.jar:/home/jboss/.m2/repository/org/springframework/spring-context/3.0.7.RELEASE/spring-context-3.0.7.RELEASE.jar:/home/jboss/.m2/repository/org/springframework/spring-core/3.0.7.RELEASE/spring-core-3.0.7.RELEASE.jar:/home/jboss/.m2/repository/org/springframework/spring-beans/3.0.7.RELEASE/spring-beans-3.0.7.RELEASE.jar:/home/jboss/.m2/repository/org/springframework/spring-expression/3.0.7.RELEASE/spring-expression-3.0.7.RELEASE.jar:/home/jboss/.m2/repository/org/picketlink/picketlink-fed/2.0.1.final/picketlink-fed-2.0.1.final.jar:/home/jboss/.m2/repository/org/picketlink/picketlink-bindings-jboss/2.0.1.final/picketlink-bindings-jboss-2.0.1.final.jar:/home/jboss/.m2/repository/org/picketlink/picketlink-fed-model/2.0.1.final/picketlink-fed-model-2.0.1.final.jar:/home/jboss/.m2/repository/org/picketlink/picketlink-xmlsec-model/2.0.1.final/picketlink-xmlsec-model-2.0.1.final.jar:/home/jboss/.m2/repository/org/jboss/security/jbossxacml/2.0.4/jbossxacml-2.0.4.jar:/home/jboss/.m2/repository/org/picketlink/picketlink-fed-api/2.0.1.final/picketlink-fed-api-2.0.1.final.jar:/home/jboss/.m2/repository/org/picketlink/picketlink-fed-core/2.0.1.final/picketlink-fed-core-2.0.1.final.jar:/home/jboss/.m2/repository/commons-logging/commons-logging-api/1.0.3/commons-logging-api-1.0.3.jar:/home/jboss/.m2/repository/javax/servlet/servlet-api/2.4/servlet-api-2.4.jar:/home/jboss/.m2/repository/javax/persistence/persistence-api/1.0/persistence-api-1.0.jar:/home/jboss/.m2/repository/org/picketlink/picketlink-bindings/2.0.1.final/picketlink-bindings-2.0.1.final.jar:/home/jboss/.m2/repository/org/picketlink/picketlink-web/2.0.1.final/picketlink-web-2.0.1.final.jar:/home/jboss/.m2/repository/org/jboss/security/jboss-security-spi/2.0.4/jboss-security-spi-2.0.4.jar:/home/jboss/.m2/repository/org/jboss/security/jbosssx/2.0.4/jbosssx-2.0.4.jar:/home/jboss/.m2/repository/org/picketlink/picketlink-trust-jbossws/2.0.1.final/picketlink-trust-jbossws-2.0.1.final.jar:/home/jboss/.m2/repository/org/jboss/ws/jbossws-common/1.4.1.GA/jbossws-common-1.4.1.GA.jar:/home/jboss/.m2/repository/jboss/jaxbintros/jboss-jaxb-intros/1.0.2.GA/jboss-jaxb-intros-1.0.2.GA.jar:/home/jboss/.m2/repository/commons-beanutils/commons-beanutils/1.8.0/commons-beanutils-1.8.0.jar:/home/jboss/.m2/repository/org/picketbox/jboss-security-spi/3.0.0.Final/jboss-security-spi-3.0.0.Final.jar:/home/jboss/.m2/repository/org/picketbox/jbosssx/3.0.0.Final/jbosssx-3.0.0.Final.jar:/home/jboss/.m2/repository/org/jboss/spec/javax/security/jacc/jboss-jacc-api_1.4_spec/1.0.0.Final/jboss-jacc-api_1.4_spec-1.0.0.Final.jar:/home/jboss/.m2/repository/org/jboss/spec/javax/servlet/jboss-servlet-api_3.0_spec/1.0.0.Final/jboss-servlet-api_3.0_spec-1.0.0.Final.jar:/home/jboss/.m2/repository/mil/spawar/esf2/esf2-audit_core/0.0.0.1-SNAPSHOT/esf2-audit_core-0.0.0.1-SNAPSHOT.jar:/home/jboss/.m2/repository/javax/xml/bind/jaxb-api/2.2.6/jaxb-api-2.2.6.jar:/home/jboss/.m2/repository/com/sun/xml/bind/jaxb-impl/2.2.6-b35/jaxb-impl-2.2.6-b35.jar:/home/jboss/.m2/repository/mil/spawar/esf2/esf2-audit_producer/0.0.0.1-SNAPSHOT/esf2-audit_producer-0.0.0.1-SNAPSHOT.jar:/home/jboss/.m2/repository/org/apache/qpid/qpid-client/0.12/qpid-client-0.12.jar:/home/jboss/.m2/repository/org/apache/qpid/qpid-common/0.12/qpid-common-0.12.jar:/home/jboss/.m2/repository/backport-util-concurrent/backport-util-concurrent/2.2/backport-util-concurrent-2.2.jar:/home/jboss/.m2/repository/org/apache/mina/mina-core/1.0.1/mina-core-1.0.1.jar:/home/jboss/.m2/repository/org/apache/mina/mina-filter-ssl/1.0.1/mina-filter-ssl-1.0.1.jar:/home/jboss/.m2/repository/mil/spawar/esf2/esf2-pdpws_client/0.0.0.1-SNAPSHOT/esf2-pdpws_client-0.0.0.1-SNAPSHOT.jar:/home/jboss/.m2/repository/org/jvnet/jaxb2_commons/jaxb2-basics-runtime/0.6.3/jaxb2-basics-runtime-0.6.3.jar:/home/jboss/.m2/repository/com/fasterxml/uuid/java-uuid-generator/3.1.3/java-uuid-generator-3.1.3.jar:/home/jboss/.m2/repository/log4j/log4j/1.2.13/log4j-1.2.13.jar:/home/jboss/.m2/repository/jboss/jboss-common-core/2.0.4.GA/jboss-common-core-2.0.4.GA.jar:/home/jboss/.m2/repository/apache-xerces/xml-apis/2.7.1/xml-apis-2.7.1.jar:/home/jboss/.m2/repository/apache-httpclient/commons-httpclient/2.0.2/commons-httpclient-2.0.2.jar:/home/jboss/.m2/repository/oswego-concurrent/concurrent/1.3.4/concurrent-1.3.4.jar:/home/jboss/.m2/repository/apache-slide/webdavlib/2.0/webdavlib-2.0.jar:/home/jboss/.m2/repository/jboss/jboss-common-logging-spi/2.0.4.GA/jboss-common-logging-spi-2.0.4.GA.jar:/home/jboss/.m2/repository/org/jboss/ws/cxf/jbossws-cxf-client/4.0.2.GA/jbossws-cxf-client-4.0.2.GA.jar:/home/jboss/.m2/repository/org/jboss/ws/jbossws-api/1.0.0.GA/jbossws-api-1.0.0.GA.jar:/home/jboss/.m2/repository/org/jboss/ws/jbossws-common-tools/1.0.0.GA/jbossws-common-tools-1.0.0.GA.jar:/home/jboss/.m2/repository/org/jboss/ws/jbossws-spi/2.0.3.GA/jbossws-spi-2.0.3.GA.jar:/home/jboss/.m2/repository/org/jboss/ws/cxf/jbossws-cxf-factories/4.0.2.GA/jbossws-cxf-factories-4.0.2.GA.jar:/home/jboss/.m2/repository/org/jboss/ws/cxf/jbossws-cxf-transports-httpserver/4.0.2.GA/jbossws-cxf-transports-httpserver-4.0.2.GA.jar:/home/jboss/.m2/repository/org/jboss/ws/projects/jaxws-jboss-httpserver-httpspi/1.0.1.GA/jaxws-jboss-httpserver-httpspi-1.0.1.GA.jar:/home/jboss/.m2/repository/org/jboss/com/sun/httpserver/httpserver/1.0.0.Final/httpserver-1.0.0.Final.jar:/home/jboss/.m2/repository/org/apache/cxf/cxf-rt-bindings-soap/2.4.6/cxf-rt-bindings-soap-2.4.6.jar:/home/jboss/.m2/repository/org/apache/cxf/cxf-api/2.4.6/cxf-api-2.4.6.jar:/home/jboss/.m2/repository/org/apache/ws/xmlschema/xmlschema-core/2.0.1/xmlschema-core-2.0.1.jar:/home/jboss/.m2/repository/org/apache/neethi/neethi/3.0.1/neethi-3.0.1.jar:/home/jboss/.m2/repository/org/apache/cxf/cxf-tools-common/2.4.6/cxf-tools-common-2.4.6.jar:/home/jboss/.m2/repository/org/apache/cxf/cxf-rt-databinding-jaxb/2.4.6/cxf-rt-databinding-jaxb-2.4.6.jar:/home/jboss/.m2/repository/org/apache/cxf/cxf-rt-bindings-http/2.4.6/cxf-rt-bindings-http-2.4.6.jar:/home/jboss/.m2/repository/org/apache/cxf/cxf-rt-bindings-xml/2.4.6/cxf-rt-bindings-xml-2.4.6.jar:/home/jboss/.m2/repository/org/apache/cxf/cxf-rt-bindings-object/2.4.6/cxf-rt-bindings-object-2.4.6.jar:/home/jboss/.m2/repository/org/apache/cxf/cxf-rt-bindings-coloc/2.4.6/cxf-rt-bindings-coloc-2.4.6.jar:/home/jboss/.m2/repository/org/apache/cxf/cxf-rt-core/2.4.6/cxf-rt-core-2.4.6.jar:/home/jboss/.m2/repository/org/apache/cxf/cxf-rt-frontend-jaxws/2.4.6/cxf-rt-frontend-jaxws-2.4.6.jar:/home/jboss/.m2/repository/xml-resolver/xml-resolver/1.2/xml-resolver-1.2.jar:/home/jboss/.m2/repository/org/apache/cxf/cxf-rt-frontend-simple/2.4.6/cxf-rt-frontend-simple-2.4.6.jar:/home/jboss/.m2/repository/org/apache/cxf/cxf-rt-ws-addr/2.4.6/cxf-rt-ws-addr-2.4.6.jar:/home/jboss/.m2/repository/org/apache/cxf/cxf-rt-transports-http/2.4.6/cxf-rt-transports-http-2.4.6.jar:/home/jboss/.m2/repository/org/apache/cxf/cxf-rt-transports-common/2.4.6/cxf-rt-transports-common-2.4.6.jar:/home/jboss/.m2/repository/org/apache/cxf/cxf-rt-transports-jms/2.4.6/cxf-rt-transports-jms-2.4.6.jar:/home/jboss/.m2/repository/org/apache/cxf/cxf-rt-management/2.4.6/cxf-rt-management-2.4.6.jar:/home/jboss/.m2/repository/com/sun/xml/bind/jaxb-xjc/2.1.13/jaxb-xjc-2.1.13.jar:/home/jboss/.m2/repository/org/apache/cxf/cxf-common-utilities/2.4.6/cxf-common-utilities-2.4.6.jar:/home/jboss/.m2/repository/org/codehaus/woodstox/woodstox-core-asl/4.1.1/woodstox-core-asl-4.1.1.jar:/home/jboss/.m2/repository/org/codehaus/woodstox/stax2-api/3.1.1/stax2-api-3.1.1.jar:/home/jboss/.m2/repository/org/apache/cxf/cxf-rt-transports-local/2.4.6/cxf-rt-transports-local-2.4.6.jar:/home/jboss/.m2/repository/org/apache/cxf/cxf-rt-ws-rm/2.4.6/cxf-rt-ws-rm-2.4.6.jar:/home/jboss/.m2/repository/org/apache/cxf/cxf-rt-ws-policy/2.4.6/cxf-rt-ws-policy-2.4.6.jar:/home/jboss/.m2/repository/org/apache/cxf/cxf-rt-ws-security/2.4.6/cxf-rt-ws-security-2.4.6.jar:/home/jboss/.m2/repository/org/apache/ws/security/wss4j/1.6.4/wss4j-1.6.4.jar:/home/jboss/.m2/repository/org/opensaml/opensaml/2.5.1-1/opensaml-2.5.1-1.jar:/home/jboss/.m2/repository/org/opensaml/openws/1.4.2-1/openws-1.4.2-1.jar:/home/jboss/.m2/repository/org/opensaml/xmltooling/1.3.2-1/xmltooling-1.3.2-1.jar:/home/jboss/.m2/repository/joda-time/joda-time/1.6.2/joda-time-1.6.2.jar:/home/jboss/.m2/repository/xalan/xalan/2.7.1/xalan-2.7.1.jar:/home/jboss/.m2/repository/xalan/serializer/2.7.1/serializer-2.7.1.jar:/home/jboss/.m2/repository/org/apache/cxf/cxf-tools-java2ws/2.4.6/cxf-tools-java2ws-2.4.6.jar:/home/jboss/.m2/repository/wsdl4j/wsdl4j/1.6.2/wsdl4j-1.6.2.jar:/home/jboss/.m2/repository/org/apache/cxf/cxf-rt-databinding-aegis/2.4.6/cxf-rt-databinding-aegis-2.4.6.jar:/home/jboss/.m2/repository/org/apache/cxf/cxf-tools-wsdlto-core/2.4.6/cxf-tools-wsdlto-core-2.4.6.jar:/home/jboss/.m2/repository/org/apache/cxf/cxf-tools-validator/2.4.6/cxf-tools-validator-2.4.6.jar:/home/jboss/.m2/repository/org/apache/cxf/cxf-tools-wsdlto-databinding-jaxb/2.4.6/cxf-tools-wsdlto-databinding-jaxb-2.4.6.jar:/home/jboss/.m2/repository/org/apache/cxf/cxf-tools-wsdlto-frontend-jaxws/2.4.6/cxf-tools-wsdlto-frontend-jaxws-2.4.6.jar:/home/jboss/.m2/repository/org/apache/cxf/xjcplugins/cxf-xjc-boolean/2.4.0/cxf-xjc-boolean-2.4.0.jar:/home/jboss/.m2/repository/org/apache/cxf/xjcplugins/cxf-xjc-dv/2.4.0/cxf-xjc-dv-2.4.0.jar:/home/jboss/.m2/repository/org/apache/cxf/xjcplugins/cxf-xjc-ts/2.4.0/cxf-xjc-ts-2.4.0.jar:/home/jboss/.m2/repository/org/apache/velocity/velocity/1.6.3/velocity-1.6.3.jar:/home/jboss/.m2/repository/oro/oro/2.0.8/oro-2.0.8.jar:/home/jboss/.m2/repository/commons-collections/commons-collections/3.2.1/commons-collections-3.2.1.jar:/home/jboss/.m2/repository/commons-lang/commons-lang/2.4/commons-lang-2.4.jar:/home/jboss/.m2/repository/javax/xml/stream/stax-api/1.0-2/stax-api-1.0-2.jar:/home/jboss/.m2/repository/org/apache/santuario/xmlsec/1.5.1/xmlsec-1.5.1.jar:/home/jboss/.m2/repository/org/codehaus/woodstox/wstx-lgpl/3.2.9/wstx-lgpl-3.2.9.jar:/home/jboss/.m2/repository/stax/stax-api/1.0.1/stax-api-1.0.1.jar:/home/jboss/.m2/repository/com/sun/xml/fastinfoset/FastInfoset/1.2.7/FastInfoset-1.2.7.jar:/home/jboss/.m2/repository/asm/asm/3.3.1/asm-3.3.1.jar:/home/jboss/.m2/repository/org/jboss/spec/javax/xml/rpc/jboss-jaxrpc-api_1.1_spec/1.0.0.Final/jboss-jaxrpc-api_1.1_spec-1.0.0.Final.jar:/home/jboss/.m2/repository/javax/jws/jsr181-api/1.0-MR1/jsr181-api-1.0-MR1.jar:/home/jboss/.m2/repository/org/jboss/spec/javax/xml/bind/jboss-jaxb-api_2.2_spec/1.0.3.Final/jboss-jaxb-api_2.2_spec-1.0.3.Final.jar:/home/jboss/.m2/repository/org/jboss/spec/javax/xml/ws/jboss-jaxws-api_2.2_spec/2.0.0.Final/jboss-jaxws-api_2.2_spec-2.0.0.Final.jar:/home/jboss/.m2/repository/org/jboss/spec/javax/xml/soap/jboss-saaj-api_1.3_spec/1.0.1.Final/jboss-saaj-api_1.3_spec-1.0.1.Final.jar:/home/jboss/.m2/repository/org/jboss/logging/jboss-logging/3.1.0.GA/jboss-logging-3.1.0.GA.jar:/home/jboss/.m2/repository/org/jboss/jbossas/jboss-as-server/5.1.0.GA/jboss-as-server-5.1.0.GA.jar:/home/jboss/.m2/repository/jboss/jboss-serialization/1.0.3.GA/jboss-serialization-1.0.3.GA.jar:/home/jboss/.m2/repository/sun-jaxb/jaxb-api/2.1.9-brew/jaxb-api-2.1.9-brew.jar:/home/jboss/.m2/repository/org/jboss/jbossas/jboss-as-deployment/5.1.0.GA/jboss-as-deployment-5.1.0.GA.jar:/home/jboss/.m2/repository/org/jboss/javaee/jboss-jad-api/1.2.0.GA/jboss-jad-api-1.2.0.GA.jar:/home/jboss/.m2/repository/org/jboss/bootstrap/jboss-bootstrap/1.0.0-Beta-3/jboss-bootstrap-1.0.0-Beta-3.jar:/home/jboss/.m2/repository/org/jboss/man/jboss-managed/2.0.0.GA/jboss-managed-2.0.0.GA.jar:/home/jboss/.m2/repository/org/jboss/microcontainer/jboss-kernel/2.0.4.GA/jboss-kernel-2.0.4.GA.jar:/home/jboss/.m2/repository/org/jboss/integration/jboss-deployment-spi/5.1.0.GA/jboss-deployment-spi-5.1.0.GA.jar:/home/jboss/.m2/repository/org/jboss/jpa/jboss-jpa-deployers/1.0.0/jboss-jpa-deployers-1.0.0.jar:/home/jboss/.m2/repository/org/hibernate/hibernate-entitymanager/3.4.0.GA/hibernate-entitymanager-3.4.0.GA.jar:/home/jboss/.m2/repository/org/jboss/deployers/jboss-deployers-vfs/2.0.5.GA/jboss-deployers-vfs-2.0.5.GA.jar:/home/jboss/.m2/repository/org/jboss/cl/jboss-classloading-vfs/2.0.3.GA/jboss-classloading-vfs-2.0.3.GA.jar:/home/jboss/.m2/repository/org/jboss/deployers/jboss-deployers-vfs-spi/2.0.5.GA/jboss-deployers-vfs-spi-2.0.5.GA.jar:/home/jboss/.m2/repository/org/jboss/cl/jboss-classloading/2.0.3.GA/jboss-classloading-2.0.3.GA.jar:/home/jboss/.m2/repository/org/jboss/cl/jboss-classloader/2.0.3.GA/jboss-classloader-2.0.3.GA.jar:/home/jboss/.m2/repository/org/jboss/microcontainer/jboss-aop-mc-int/2.0.4.GA/jboss-aop-mc-int-2.0.4.GA.jar:/home/jboss/.m2/repository/org/jboss/jboss-common-core/2.2.14.GA/jboss-common-core-2.2.14.GA.jar:/home/jboss/.m2/repository/org/jboss/metadata/jboss-metadata/1.0.1.GA/jboss-metadata-1.0.1.GA.jar:/home/jboss/.m2/repository/org/jboss/ejb3/jboss-ejb3-ext-api/1.0.0/jboss-ejb3-ext-api-1.0.0.jar:/home/jboss/.m2/repository/org/jboss/javaee/jboss-transaction-api/1.0.1.GA/jboss-transaction-api-1.0.1.GA.jar:/home/jboss/.m2/repository/jboss/jbossws/jboss-jaxws/3.0.1-native-2.0.4.GA/jboss-jaxws-3.0.1-native-2.0.4.GA.jar:/home/jboss/.m2/repository/org/jboss/jboss-vfs/2.0.0.CR1/jboss-vfs-2.0.0.CR1.jar:/home/jboss/.m2/repository/org/jboss/jbossas/jboss-as-system-jmx/5.1.0.GA/jboss-as-system-jmx-5.1.0.GA.jar:/home/jboss/.m2/repository/org/jboss/deployers/jboss-deployers-impl/2.0.7.GA/jboss-deployers-impl-2.0.7.GA.jar:/home/jboss/.m2/repository/org/jboss/deployers/jboss-deployers-structure-spi/2.0.7.GA/jboss-deployers-structure-spi-2.0.7.GA.jar:/home/jboss/.m2/repository/org/jboss/microcontainer/jboss-dependency/2.0.6.GA/jboss-dependency-2.0.6.GA.jar:/home/jboss/.m2/repository/org/jboss/jbossas/jboss-as-jmx/5.1.0.GA/jboss-as-jmx-5.1.0.GA.jar:/home/jboss/.m2/repository/org/jboss/integration/jboss-classloading-spi/5.1.0.GA/jboss-classloading-spi-5.1.0.GA.jar:/home/jboss/.m2/repository/org/jboss/jbossas/jboss-as-j2se/5.1.0.GA/jboss-as-j2se-5.1.0.GA-tests.jar:/home/jboss/.m2/repository/org/jboss/jbossas/jboss-as-mbeans/5.1.0.GA/jboss-as-mbeans-5.1.0.GA.jar:/home/jboss/.m2/repository/org/jboss/test/jboss-test/1.1.4.GA/jboss-test-1.1.4.GA.jar:/home/jboss/.m2/repository/org/apache/ant/ant-junit/1.7.0/ant-junit-1.7.0.jar:/home/jboss/.m2/repository/jboss/profiler/jvmti/jboss-profiler-jvmti/1.0.0.CR5/jboss-profiler-jvmti-1.0.0.CR5.jar:/home/jboss/.m2/repository/org/jboss/jbossas/jboss-server-manager/1.0.2.GA/jboss-server-manager-1.0.2.GA.jar:/home/jboss/.m2/repository/org/jboss/jbossas/jboss-as-system/5.1.0.GA/jboss-as-system-5.1.0.GA.jar:/home/jboss/.m2/repository/org/jboss/aop/jboss-aop/2.1.1.GA/jboss-aop-2.1.1.GA.jar:/home/jboss/.m2/repository/org/jboss/integration/jboss-profileservice-spi/5.1.0.GA/jboss-profileservice-spi-5.1.0.GA.jar:/home/jboss/.m2/repository/org/jboss/man/jboss-metatype/2.1.0.SP1/jboss-metatype-2.1.0.SP1.jar:/home/jboss/.m2/repository/org/jboss/javaee/jboss-ejb-api/3.0.0.GA/jboss-ejb-api-3.0.0.GA.jar:/home/jboss/.m2/repository/org/jboss/ws/native/jbossws-native-jaxrpc/3.0.4.GA/jbossws-native-jaxrpc-3.0.4.GA.jar:/home/jboss/.m2/repository/org/jboss/jbossas/jboss-as-j2se/5.1.0.GA/jboss-as-j2se-5.1.0.GA.jar:/home/jboss/.m2/repository/org/jboss/jbossas/jboss-as-security/5.1.0.GA/jboss-as-security-5.1.0.GA.jar:/home/jboss/.m2/repository/javassist/javassist/3.9.0.GA/javassist-3.9.0.GA.jar:/home/jboss/.m2/repository/org/jboss/javaee/jboss-jaspi-api/1.0.0.GA/jboss-jaspi-api-1.0.0.GA.jar:/home/jboss/.m2/repository/org/jboss/integration/jboss-transaction-spi/5.1.0.GA/jboss-transaction-spi-5.1.0.GA.jar:/home/jboss/.m2/repository/org/jboss/javaee/jboss-jacc-api/1.1.0.GA_SP1/jboss-jacc-api-1.1.0.GA_SP1.jar:/home/jboss/.m2/repository/jboss/web/servlet-api/2.1.1.GA/servlet-api-2.1.1.GA.jar:/home/jboss/.m2/repository/org/hibernate/ejb3-persistence/1.0.2.GA/ejb3-persistence-1.0.2.GA.jar:/home/jboss/.m2/repository/org/jboss/javaee/jboss-jms-api/1.1.0.GA/jboss-jms-api-1.1.0.GA.jar:/home/jboss/.m2/repository/org/jboss/ws/native/jbossws-native-saaj/3.1.2.GA/jbossws-native-saaj-3.1.2.GA.jar:/home/jboss/.m2/repository/javax/activation/activation/1.1/activation-1.1.jar:/home/jboss/.m2/repository/org/jboss/ws/native/jbossws-native-jaxws/3.1.2.GA/jbossws-native-jaxws-3.1.2.GA.jar:/home/jboss/.m2/repository/org/jboss/naming/jnp-client/5.0.3.GA/jnp-client-5.0.3.GA.jar:/home/jboss/.m2/repository/javax/security/jaas/1.0.01/jaas-1.0.01.jar:/home/jboss/.m2/repository/org/jboss/javaee/jboss-jca-api/1.5.0.GA/jboss-jca-api-1.5.0.GA.jar:/home/jboss/.m2/repository/org/jboss/security/jbosssx-client/2.0.3.SP1/jbosssx-client-2.0.3.SP1.jar:/home/jboss/.m2/repository/bcel/bcel/5.1/bcel-5.1.jar:/home/jboss/.m2/repository/regexp/regexp/1.2/regexp-1.2.jar:/home/jboss/.m2/repository/org/jboss/remoting/jboss-remoting/2.5.1/jboss-remoting-2.5.1.jar:/home/jboss/.m2/repository/jpl-util/jpl-util/1.0/jpl-util-1.0.jar:/home/jboss/.m2/repository/jpl-pattern/jpl-pattern/1.0/jpl-pattern-1.0.jar:/home/jboss/.m2/repository/org/jboss/jbossxb/2.0.1.GA/jbossxb-2.0.1.GA.jar:/home/jboss/.m2/repository/org/jboss/jboss-reflect/2.0.2.GA/jboss-reflect-2.0.2.GA.jar:/home/jboss/.m2/repository/wutka-dtdparser/dtdparser121/1.2.1/dtdparser121-1.2.1.jar:/home/jboss/.m2/repository/org/jboss/naming/jnpserver/5.0.3.GA/jnpserver-5.0.3.GA.jar:/home/jboss/.m2/repository/gnu-getopt/getopt/1.0.12-brew/getopt-1.0.12-brew.jar:/home/jboss/.m2/repository/org/jboss/logging/jboss-logging-spi/2.1.1.GA/jboss-logging-spi-2.1.1.GA.jar:/home/jboss/.m2/repository/xmlunit/xmlunit/1.3/xmlunit-1.3.jar:/home/jboss/.m2/repository/junit/junit/4.8.2/junit-4.8.2.jar:/home/jboss/.m2/repository/org/jboss/arquillian/junit/arquillian-junit-container/1.0.0.CR1/arquillian-junit-container-1.0.0.CR1.jar:/home/jboss/.m2/repository/org/jboss/arquillian/junit/arquillian-junit-core/1.0.0.CR1/arquillian-junit-core-1.0.0.CR1.jar:/home/jboss/.m2/repository/org/jboss/arquillian/test/arquillian-test-api/1.0.0.CR1/arquillian-test-api-1.0.0.CR1.jar:/home/jboss/.m2/repository/org/jboss/arquillian/core/arquillian-core-api/1.0.0.CR1/arquillian-core-api-1.0.0.CR1.jar:/home/jboss/.m2/repository/org/jboss/arquillian/test/arquillian-test-spi/1.0.0.CR1/arquillian-test-spi-1.0.0.CR1.jar:/home/jboss/.m2/repository/org/jboss/arquillian/core/arquillian-core-spi/1.0.0.CR1/arquillian-core-spi-1.0.0.CR1.jar:/home/jboss/.m2/repository/org/jboss/shrinkwrap/shrinkwrap-api/1.0.0-beta-3/shrinkwrap-api-1.0.0-beta-3.jar:/home/jboss/.m2/repository/org/jboss/arquillian/container/arquillian-container-test-api/1.0.0.CR1/arquillian-container-test-api-1.0.0.CR1.jar:/home/jboss/.m2/repository/org/jboss/arquillian/container/arquillian-container-test-spi/1.0.0.CR1/arquillian-container-test-spi-1.0.0.CR1.jar:/home/jboss/.m2/repository/org/jboss/arquillian/container/arquillian-container-spi/1.0.0.CR1/arquillian-container-spi-1.0.0.CR1.jar:/home/jboss/.m2/repository/org/jboss/shrinkwrap/descriptors/shrinkwrap-descriptors-api/1.0.0-beta-1/shrinkwrap-descriptors-api-1.0.0-beta-1.jar:/home/jboss/.m2/repository/org/jboss/arquillian/core/arquillian-core-impl-base/1.0.0.CR1/arquillian-core-impl-base-1.0.0.CR1.jar:/home/jboss/.m2/repository/org/jboss/arquillian/test/arquillian-test-impl-base/1.0.0.CR1/arquillian-test-impl-base-1.0.0.CR1.jar:/home/jboss/.m2/repository/org/jboss/arquillian/container/arquillian-container-impl-base/1.0.0.CR1/arquillian-container-impl-base-1.0.0.CR1.jar:/home/jboss/.m2/repository/org/jboss/arquillian/config/arquillian-config-api/1.0.0.CR1/arquillian-config-api-1.0.0.CR1.jar:/home/jboss/.m2/repository/org/jboss/arquillian/config/arquillian-config-impl-base/1.0.0.CR1/arquillian-config-impl-base-1.0.0.CR1.jar:/home/jboss/.m2/repository/org/jboss/shrinkwrap/descriptors/shrinkwrap-descriptors-impl/1.0.0-beta-1/shrinkwrap-descriptors-impl-1.0.0-beta-1.jar:/home/jboss/.m2/repository/org/jboss/shrinkwrap/resolver/shrinkwrap-resolver-api/1.0.0-beta-3/shrinkwrap-resolver-api-1.0.0-beta-3.jar:/home/jboss/.m2/repository/org/jboss/shrinkwrap/resolver/shrinkwrap-resolver-api-maven/1.0.0-beta-3/shrinkwrap-resolver-api-maven-1.0.0-beta-3.jar:/home/jboss/.m2/repository/org/jboss/shrinkwrap/resolver/shrinkwrap-resolver-impl-maven/1.0.0-beta-3/shrinkwrap-resolver-impl-maven-1.0.0-beta-3.jar:/home/jboss/.m2/repository/org/sonatype/aether/aether-api/1.8/aether-api-1.8.jar:/home/jboss/.m2/repository/org/sonatype/aether/aether-util/1.8/aether-util-1.8.jar:/home/jboss/.m2/repository/org/sonatype/aether/aether-connector-wagon/1.8/aether-connector-wagon-1.8.jar:/home/jboss/.m2/repository/org/sonatype/aether/aether-spi/1.8/aether-spi-1.8.jar:/home/jboss/.m2/repository/org/codehaus/plexus/plexus-container-default/1.5.5/plexus-container-default-1.5.5.jar:/home/jboss/.m2/repository/org/codehaus/plexus/plexus-classworlds/2.2.2/plexus-classworlds-2.2.2.jar:/home/jboss/.m2/repository/org/apache/xbean/xbean-reflect/3.4/xbean-reflect-3.4.jar:/home/jboss/.m2/repository/com/google/collections/google-collections/1.0/google-collections-1.0.jar:/home/jboss/.m2/repository/org/apache/maven/maven-aether-provider/3.0.1/maven-aether-provider-3.0.1.jar:/home/jboss/.m2/repository/org/apache/maven/maven-model/3.0.1/maven-model-3.0.1.jar:/home/jboss/.m2/repository/org/apache/maven/maven-model-builder/3.0.1/maven-model-builder-3.0.1.jar:/home/jboss/.m2/repository/org/apache/maven/maven-repository-metadata/3.0.1/maven-repository-metadata-3.0.1.jar:/home/jboss/.m2/repository/org/sonatype/aether/aether-impl/1.8/aether-impl-1.8.jar:/home/jboss/.m2/repository/org/codehaus/plexus/plexus-component-annotations/1.5.5/plexus-component-annotations-1.5.5.jar:/home/jboss/.m2/repository/org/codehaus/plexus/plexus-utils/2.0.4/plexus-utils-2.0.4.jar:/home/jboss/.m2/repository/org/apache/maven/maven-settings-builder/3.0.1/maven-settings-builder-3.0.1.jar:/home/jboss/.m2/repository/org/codehaus/plexus/plexus-interpolation/1.14/plexus-interpolation-1.14.jar:/home/jboss/.m2/repository/org/apache/maven/maven-settings/3.0.1/maven-settings-3.0.1.jar:/home/jboss/.m2/repository/org/sonatype/plexus/plexus-sec-dispatcher/1.3/plexus-sec-dispatcher-1.3.jar:/home/jboss/.m2/repository/org/sonatype/plexus/plexus-cipher/1.4/plexus-cipher-1.4.jar:/home/jboss/.m2/repository/org/apache/maven/wagon/wagon-provider-api/1.0-beta-7/wagon-provider-api-1.0-beta-7.jar:/home/jboss/.m2/repository/org/apache/maven/wagon/wagon-file/1.0-beta-7/wagon-file-1.0-beta-7.jar:/home/jboss/.m2/repository/org/apache/maven/wagon/wagon-http-lightweight/1.0-beta-7/wagon-http-lightweight-1.0-beta-7.jar:/home/jboss/.m2/repository/org/apache/maven/wagon/wagon-http-shared/1.0-beta-7/wagon-http-shared-1.0-beta-7.jar:/home/jboss/.m2/repository/org/jboss/arquillian/container/arquillian-container-test-impl-base/1.0.0.CR1/arquillian-container-test-impl-base-1.0.0.CR1.jar:/home/jboss/.m2/repository/org/jboss/shrinkwrap/shrinkwrap-impl-base/1.0.0-beta-3/shrinkwrap-impl-base-1.0.0-beta-3.jar:/home/jboss/.m2/repository/org/jboss/shrinkwrap/shrinkwrap-spi/1.0.0-beta-3/shrinkwrap-spi-1.0.0-beta-3.jar:/home/jboss/.m2/repository/commons-logging/commons-logging/1.1.0.jboss/commons-logging-1.1.0.jboss.jar:/home/jboss/.m2/repository/org/hibernate/hibernate-annotations/3.4.0.GA/hibernate-annotations-3.4.0.GA.jar:/home/jboss/.m2/repository/org/hibernate/hibernate-commons-annotations/3.1.0.GA/hibernate-commons-annotations-3.1.0.GA.jar:/home/jboss/.m2/repository/org/hibernate/hibernate-core/3.3.0.SP1/hibernate-core-3.3.0.SP1.jar:/home/jboss/.m2/repository/antlr/antlr/2.7.6/antlr-2.7.6.jar:/home/jboss/.m2/repository/dom4j/dom4j/1.6.1/dom4j-1.6.1.jar:/home/jboss/.m2/repository/xml-apis/xml-apis/1.0.b2/xml-apis-1.0.b2.jar:/home/jboss/.m2/repository/org/jboss/aop/jboss-aop/2.1.1.GA/jboss-aop-2.1.1.GA-client.jar:/home/jboss/.m2/repository/org/apache/ant/ant/1.7.0/ant-1.7.0.jar:/home/jboss/.m2/repository/org/apache/ant/ant-launcher/1.7.0/ant-launcher-1.7.0.jar:/home/jboss/.m2/repository/qdox/qdox/1.6.1/qdox-1.6.1.jar:/home/jboss/.m2/repository/trove/trove/2.1.1/trove-2.1.1.jar:/home/jboss/.m2/repository/org/jboss/jbossas/jboss-as-ejb3/5.1.0.GA/jboss-as-ejb3-5.1.0.GA-client.jar:/home/jboss/.m2/repository/cglib/cglib/2.1.3/cglib-2.1.3.jar:/home/jboss/.m2/repository/jacorb/jacorb/2.3.0jboss.patch6-brew/jacorb-2.3.0jboss.patch6-brew.jar:/home/jboss/.m2/repository/javax/transaction/jta/1.1/jta-1.1.jar:/home/jboss/.m2/repository/org/jboss/ejb3/jboss-ejb3-as-int/1.1.5/jboss-ejb3-as-int-1.1.5.jar:/home/jboss/.m2/repository/org/jboss/ejb3/jboss-ejb3-core/1.1.5/jboss-ejb3-core-1.1.5.jar:/home/jboss/.m2/repository/org/jboss/ejb3/jboss-ejb3-deployers/1.0.0/jboss-ejb3-deployers-1.0.0.jar:/home/jboss/.m2/repository/org/jboss/ejb3/jboss-ejb3-mc-int/1.0.1/jboss-ejb3-mc-int-1.0.1.jar:/home/jboss/.m2/repository/org/jboss/jbossas/jboss-as-connector/5.1.0.GA/jboss-as-connector-5.1.0.GA.jar:/home/jboss/.m2/repository/org/jboss/jbossas/jboss-as-profileservice/5.1.0.GA/jboss-as-profileservice-5.1.0.GA.jar:/home/jboss/.m2/repository/org/jboss/jbossas/jboss-as-aspects/5.1.0.GA/jboss-as-aspects-5.1.0.GA.jar:/home/jboss/.m2/repository/org/jboss/aop/jboss-aop-aspects/2.1.1.GA/jboss-aop-aspects-2.1.1.GA.jar:/home/jboss/.m2/repository/org/beanshell/bsh/1.3.0/bsh-1.3.0.jar:/home/jboss/.m2/repository/org/jboss/aop/jboss-aop-asintegration-core/2.1.1.GA/jboss-aop-asintegration-core-2.1.1.GA.jar:/home/jboss/.m2/repository/org/jboss/aop/pluggable-instrumentor/2.1.1.GA/pluggable-instrumentor-2.1.1.GA.jar:/home/jboss/.m2/repository/org/jboss/aop/jboss-aop-asintegration-jmx/2.1.1.GA/jboss-aop-asintegration-jmx-2.1.1.GA.jar:/home/jboss/.m2/repository/org/jboss/aop/jboss-aop-asintegration-mc/2.1.1.GA/jboss-aop-asintegration-mc-2.1.1.GA.jar:/home/jboss/.m2/repository/javax/mail/mail/1.4/mail-1.4.jar:/home/jboss/.m2/repository/org/jboss/jbossas/jboss-as-iiop/5.1.0.GA/jboss-as-iiop-5.1.0.GA.jar:/home/jboss/.m2/repository/org/jboss/deployers/jboss-deployers-spi/2.0.7.GA/jboss-deployers-spi-2.0.7.GA.jar:/home/jboss/.m2/repository/org/jboss/integration/jboss-corba-ots-spi/5.1.0.GA/jboss-corba-ots-spi-5.1.0.GA.jar:/home/jboss/.m2/repository/org/jboss/jbossas/jboss-as-server/5.1.0.GA/jboss-as-server-5.1.0.GA-client.jar:/home/jboss/.m2/repository/org/jboss/deployers/jboss-deployers-client/2.0.7.GA/jboss-deployers-client-2.0.7.GA.jar:/home/jboss/.m2/repository/org/jboss/deployers/jboss-deployers-client-spi/2.0.7.GA/jboss-deployers-client-spi-2.0.7.GA.jar:/home/jboss/.m2/repository/org/jboss/deployers/jboss-deployers-core-spi/2.0.7.GA/jboss-deployers-core-spi-2.0.7.GA.jar:/home/jboss/.m2/repository/org/jboss/deployers/jboss-deployers-core/2.0.7.GA/jboss-deployers-core-2.0.7.GA.jar:/home/jboss/.m2/repository/org/jboss/ejb3/jboss-ejb3-common/1.0.0/jboss-ejb3-common-1.0.0-client.jar:/home/jboss/.m2/repository/org/jboss/ejb3/jboss-ejb3-core/1.1.5/jboss-ejb3-core-1.1.5-client.jar:/home/jboss/.m2/repository/org/jboss/integration/jboss-jca-spi/5.0.3.GA/jboss-jca-spi-5.0.3.GA.jar:/home/jboss/.m2/repository/org/jboss/cache/jbosscache-core/3.1.0.GA/jbosscache-core-3.1.0.GA.jar:/home/jboss/.m2/repository/org/jboss/aspects/jboss-remoting-aspects/1.0.2/jboss-remoting-aspects-1.0.2.jar:/home/jboss/.m2/repository/org/jboss/aspects/jboss-transaction-aspects/1.0.0.GA/jboss-transaction-aspects-1.0.0.GA.jar:/home/jboss/.m2/repository/org/jboss/aspects/jboss-security-aspects/1.0.0.GA/jboss-security-aspects-1.0.0.GA.jar:/home/jboss/.m2/repository/javax/security/jacc/1.0/jacc-1.0.jar:/home/jboss/.m2/repository/org/jboss/cluster/jboss-ha-server-api/1.1.1.GA/jboss-ha-server-api-1.1.1.GA.jar:/home/jboss/.m2/repository/org/jboss/ejb3/jboss-ejb3-cache/1.0.0/jboss-ejb3-cache-1.0.0.jar:/home/jboss/.m2/repository/org/jboss/ejb3/jboss-ejb3-common/1.0.0/jboss-ejb3-common-1.0.0.jar:/home/jboss/.m2/repository/org/jboss/ejb3/jboss-ejb3-endpoint/0.1.0/jboss-ejb3-endpoint-0.1.0.jar:/home/jboss/.m2/repository/org/jboss/ejb3/jboss-ejb3-security/1.0.0/jboss-ejb3-security-1.0.0.jar:/home/jboss/.m2/repository/org/jboss/ejb3/jboss-ejb3-timerservice-spi/1.0.0/jboss-ejb3-timerservice-spi-1.0.0.jar:/home/jboss/.m2/repository/org/jboss/ejb3/jboss-ejb3-ext-api-impl/1.0.0/jboss-ejb3-ext-api-impl-1.0.0.jar:/home/jboss/.m2/repository/org/jboss/ejb3/jboss-ejb3-interceptors/1.0.2/jboss-ejb3-interceptors-1.0.2.jar:/home/jboss/.m2/repository/org/jboss/ejb3/jboss-ejb3-metadata/1.0.0/jboss-ejb3-metadata-1.0.0.jar:/home/jboss/.m2/repository/org/jboss/ejb3/jboss-ejb3-proxy-impl/1.0.2/jboss-ejb3-proxy-impl-1.0.2.jar:/home/jboss/.m2/repository/org/jboss/ejb3/jboss-ejb3-proxy-clustered/1.0.1/jboss-ejb3-proxy-clustered-1.0.1.jar:/home/jboss/.m2/repository/org/jboss/ejb3/jboss-ejb3-proxy-spi/1.0.0/jboss-ejb3-proxy-spi-1.0.0.jar:/home/jboss/.m2/repository/org/jboss/ejb3/jboss-ejb3-transactions/1.0.0/jboss-ejb3-transactions-1.0.0.jar:/home/jboss/.m2/repository/quartz/quartz/1.6.0/quartz-1.6.0.jar:/home/jboss/.m2/repository/sun-jaxws/jaxws-api/2.1.1/jaxws-api-2.1.1.jar:/home/jboss/.m2/repository/sun-jaxws/jsr181-api/2.1.1/jsr181-api-2.1.1.jar:/home/jboss/.m2/repository/org/jboss/ejb3/jboss-ejb3-proxy-clustered/1.0.1/jboss-ejb3-proxy-clustered-1.0.1-client.jar:/home/jboss/.m2/repository/org/jboss/ejb3/jboss-ejb3-proxy-impl/1.0.2/jboss-ejb3-proxy-impl-1.0.2-client.jar:/home/jboss/.m2/repository/org/jboss/ejb3/jboss-ejb3-proxy-spi/1.0.0/jboss-ejb3-proxy-spi-1.0.0-client.jar:/home/jboss/.m2/repository/org/jboss/ejb3/jboss-ejb3-security/1.0.0/jboss-ejb3-security-1.0.0-client.jar:/home/jboss/.m2/repository/org/jboss/aspects/jboss-current-invocation-aspects/1.0.0.CR1/jboss-current-invocation-aspects-1.0.0.CR1.jar:/home/jboss/.m2/repository/org/jboss/cluster/jboss-ha-client/1.1.1.GA/jboss-ha-client-1.1.1.GA.jar:/home/jboss/.m2/repository/org/jboss/jbossas/jboss-as-cluster/5.1.0.GA/jboss-as-cluster-5.1.0.GA-jboss-ha-legacy-client.jar:/home/jboss/.m2/repository/jgroups/jgroups/2.6.10.GA/jgroups-2.6.10.GA.jar:/home/jboss/.m2/repository/org/jboss/cluster/jboss-ha-server-cache-spi/2.0.0.GA/jboss-ha-server-cache-spi-2.0.0.GA.jar:/home/jboss/.m2/repository/org/jboss/cluster/jboss-ha-server-cache-jbc/2.0.0.GA/jboss-ha-server-cache-jbc-2.0.0.GA.jar:/home/jboss/.m2/repository/org/jboss/jbossas/jboss-as-iiop/5.1.0.GA/jboss-as-iiop-5.1.0.GA-client.jar:/home/jboss/.m2/repository/apache-avalon/avalon-framework/4.1.5/avalon-framework-4.1.5.jar:/home/jboss/.m2/repository/org/jboss/jbossas/jboss-as-main/5.1.0.GA/jboss-as-main-5.1.0.GA.jar:/home/jboss/.m2/repository/org/jboss/integration/jboss-integration/5.1.0.GA/jboss-integration-5.1.0.GA.jar:/home/jboss/.m2/repository/org/jboss/javaee/jboss-javaee/5.0.1.GA/jboss-javaee-5.0.1.GA.jar:/home/jboss/.m2/repository/org/jboss/jbossas/jboss-as-management/5.1.0.GA/jboss-as-management-5.1.0.GA-jsr77-client.jar:/home/jboss/.m2/repository/org/jboss/jbossas/jboss-as-cluster/5.1.0.GA/jboss-as-cluster-5.1.0.GA.jar:/home/jboss/.m2/repository/org/jboss/logging/jboss-logging-jdk/2.1.0.GA/jboss-logging-jdk-2.1.0.GA.jar:/home/jboss/.m2/repository/org/jboss/logging/jboss-logging-log4j/2.1.0.GA/jboss-logging-log4j-2.1.0.GA.jar:/home/jboss/.m2/repository/org/jboss/jbossas/jboss-as-main/5.1.0.GA/jboss-as-main-5.1.0.GA-client.jar:/home/jboss/.m2/repository/org/jboss/logbridge/jboss-logbridge/1.0.0.GA/jboss-logbridge-1.0.0.GA.jar:/home/jboss/.m2/repository/org/jboss/logmanager/jboss-logmanager/1.0.0.GA/jboss-logmanager-1.0.0.GA.jar:/home/jboss/.m2/repository/org/jboss/jboss-mdr/2.0.1.GA/jboss-mdr-2.0.1.GA.jar:/home/jboss/.m2/repository/jboss/messaging/jboss-messaging/1.4.3.GA/jboss-messaging-1.4.3.GA.jar:/home/jboss/.m2/repository/org/jboss/jbossas/jboss-as-system/5.1.0.GA/jboss-as-system-5.1.0.GA-client.jar:/home/jboss/.m2/repository/org/jboss/jbossas/jboss-as-system-jmx/5.1.0.GA/jboss-as-system-jmx-5.1.0.GA-client.jar:/home/jboss/.m2/repository/org/jboss/jbossas/jboss-as-server/5.1.0.GA/jboss-as-server-5.1.0.GA-jmx-invoker-adaptor-client.jar:/home/jboss/.m2/repository/org/slf4j/slf4j-api/1.5.6/slf4j-api-1.5.6.jar:/home/jboss/.m2/repository/org/jboss/slf4j/slf4j-jboss-logging/1.0.2.GA/slf4j-jboss-logging-1.0.2.GA.jar:/home/jboss/.m2/repository/org/apache/xmlsec/1.4.2/xmlsec-1.4.2.jar:"/>
    <property name="java.specification.name" value="Java Platform API Specification"/>
    <property name="java.class.version" value="50.0"/>
    <property name="sun.management.compiler" value="HotSpot Client Compiler"/>
    <property name="os.version" value="2.6.18-308.16.1.el5PAE"/>
    <property name="user.home" value="/home/jboss"/>
    <property name="user.timezone" value=""/>
    <property name="java.awt.printerjob" value="sun.print.PSPrinterJob"/>
    <property name="file.encoding" value="UTF-8"/>
    <property name="java.specification.version" value="1.6"/>
    <property name="user.name" value="jboss"/>
    <property name="java.class.path" value="/home/jboss/workspace/MyMvnWorkspaces/esf2-jaxws/target/test-classes:/home/jboss/workspace/MyMvnWorkspaces/esf2-jaxws/target/classes:/home/jboss/.m2/repository/tomcat/catalina/4.0.4/catalina-4.0.4.jar:/home/jboss/.m2/repository/apache-tomcat/catalina/5.5.12/catalina-5.5.12.jar:/home/jboss/.m2/repository/org/springframework/security/spring-security-web/3.1.3.RELEASE/spring-security-web-3.1.3.RELEASE.jar:/home/jboss/.m2/repository/org/springframework/spring-jdbc/3.0.7.RELEASE/spring-jdbc-3.0.7.RELEASE.jar:/home/jboss/.m2/repository/org/springframework/spring-aop/3.0.7.RELEASE/spring-aop-3.0.7.RELEASE.jar:/home/jboss/.m2/repository/org/springframework/spring-asm/3.0.7.RELEASE/spring-asm-3.0.7.RELEASE.jar:/home/jboss/.m2/repository/org/springframework/security/spring-security-core/3.1.3.RELEASE/spring-security-core-3.1.3.RELEASE.jar:/home/jboss/.m2/repository/org/springframework/spring-web/3.0.7.RELEASE/spring-web-3.0.7.RELEASE.jar:/home/jboss/.m2/repository/org/springframework/spring-tx/3.0.7.RELEASE/spring-tx-3.0.7.RELEASE.jar:/home/jboss/.m2/repository/aopalliance/aopalliance/1.0/aopalliance-1.0.jar:/home/jboss/.m2/repository/org/springframework/spring-context/3.0.7.RELEASE/spring-context-3.0.7.RELEASE.jar:/home/jboss/.m2/repository/org/springframework/spring-core/3.0.7.RELEASE/spring-core-3.0.7.RELEASE.jar:/home/jboss/.m2/repository/org/springframework/spring-beans/3.0.7.RELEASE/spring-beans-3.0.7.RELEASE.jar:/home/jboss/.m2/repository/org/springframework/spring-expression/3.0.7.RELEASE/spring-expression-3.0.7.RELEASE.jar:/home/jboss/.m2/repository/org/picketlink/picketlink-fed/2.0.1.final/picketlink-fed-2.0.1.final.jar:/home/jboss/.m2/repository/org/picketlink/picketlink-bindings-jboss/2.0.1.final/picketlink-bindings-jboss-2.0.1.final.jar:/home/jboss/.m2/repository/org/picketlink/picketlink-fed-model/2.0.1.final/picketlink-fed-model-2.0.1.final.jar:/home/jboss/.m2/repository/org/picketlink/picketlink-xmlsec-model/2.0.1.final/picketlink-xmlsec-model-2.0.1.final.jar:/home/jboss/.m2/repository/org/jboss/security/jbossxacml/2.0.4/jbossxacml-2.0.4.jar:/home/jboss/.m2/repository/org/picketlink/picketlink-fed-api/2.0.1.final/picketlink-fed-api-2.0.1.final.jar:/home/jboss/.m2/repository/org/picketlink/picketlink-fed-core/2.0.1.final/picketlink-fed-core-2.0.1.final.jar:/home/jboss/.m2/repository/commons-logging/commons-logging-api/1.0.3/commons-logging-api-1.0.3.jar:/home/jboss/.m2/repository/javax/servlet/servlet-api/2.4/servlet-api-2.4.jar:/home/jboss/.m2/repository/javax/persistence/persistence-api/1.0/persistence-api-1.0.jar:/home/jboss/.m2/repository/org/picketlink/picketlink-bindings/2.0.1.final/picketlink-bindings-2.0.1.final.jar:/home/jboss/.m2/repository/org/picketlink/picketlink-web/2.0.1.final/picketlink-web-2.0.1.final.jar:/home/jboss/.m2/repository/org/jboss/security/jboss-security-spi/2.0.4/jboss-security-spi-2.0.4.jar:/home/jboss/.m2/repository/org/jboss/security/jbosssx/2.0.4/jbosssx-2.0.4.jar:/home/jboss/.m2/repository/org/picketlink/picketlink-trust-jbossws/2.0.1.final/picketlink-trust-jbossws-2.0.1.final.jar:/home/jboss/.m2/repository/org/jboss/ws/jbossws-common/1.4.1.GA/jbossws-common-1.4.1.GA.jar:/home/jboss/.m2/repository/jboss/jaxbintros/jboss-jaxb-intros/1.0.2.GA/jboss-jaxb-intros-1.0.2.GA.jar:/home/jboss/.m2/repository/commons-beanutils/commons-beanutils/1.8.0/commons-beanutils-1.8.0.jar:/home/jboss/.m2/repository/org/picketbox/jboss-security-spi/3.0.0.Final/jboss-security-spi-3.0.0.Final.jar:/home/jboss/.m2/repository/org/picketbox/jbosssx/3.0.0.Final/jbosssx-3.0.0.Final.jar:/home/jboss/.m2/repository/org/jboss/spec/javax/security/jacc/jboss-jacc-api_1.4_spec/1.0.0.Final/jboss-jacc-api_1.4_spec-1.0.0.Final.jar:/home/jboss/.m2/repository/org/jboss/spec/javax/servlet/jboss-servlet-api_3.0_spec/1.0.0.Final/jboss-servlet-api_3.0_spec-1.0.0.Final.jar:/home/jboss/.m2/repository/mil/spawar/esf2/esf2-audit_core/0.0.0.1-SNAPSHOT/esf2-audit_core-0.0.0.1-SNAPSHOT.jar:/home/jboss/.m2/repository/javax/xml/bind/jaxb-api/2.2.6/jaxb-api-2.2.6.jar:/home/jboss/.m2/repository/com/sun/xml/bind/jaxb-impl/2.2.6-b35/jaxb-impl-2.2.6-b35.jar:/home/jboss/.m2/repository/mil/spawar/esf2/esf2-audit_producer/0.0.0.1-SNAPSHOT/esf2-audit_producer-0.0.0.1-SNAPSHOT.jar:/home/jboss/.m2/repository/org/apache/qpid/qpid-client/0.12/qpid-client-0.12.jar:/home/jboss/.m2/repository/org/apache/qpid/qpid-common/0.12/qpid-common-0.12.jar:/home/jboss/.m2/repository/backport-util-concurrent/backport-util-concurrent/2.2/backport-util-concurrent-2.2.jar:/home/jboss/.m2/repository/org/apache/mina/mina-core/1.0.1/mina-core-1.0.1.jar:/home/jboss/.m2/repository/org/apache/mina/mina-filter-ssl/1.0.1/mina-filter-ssl-1.0.1.jar:/home/jboss/.m2/repository/mil/spawar/esf2/esf2-pdpws_client/0.0.0.1-SNAPSHOT/esf2-pdpws_client-0.0.0.1-SNAPSHOT.jar:/home/jboss/.m2/repository/org/jvnet/jaxb2_commons/jaxb2-basics-runtime/0.6.3/jaxb2-basics-runtime-0.6.3.jar:/home/jboss/.m2/repository/com/fasterxml/uuid/java-uuid-generator/3.1.3/java-uuid-generator-3.1.3.jar:/home/jboss/.m2/repository/log4j/log4j/1.2.13/log4j-1.2.13.jar:/home/jboss/.m2/repository/jboss/jboss-common-core/2.0.4.GA/jboss-common-core-2.0.4.GA.jar:/home/jboss/.m2/repository/apache-xerces/xml-apis/2.7.1/xml-apis-2.7.1.jar:/home/jboss/.m2/repository/apache-httpclient/commons-httpclient/2.0.2/commons-httpclient-2.0.2.jar:/home/jboss/.m2/repository/oswego-concurrent/concurrent/1.3.4/concurrent-1.3.4.jar:/home/jboss/.m2/repository/apache-slide/webdavlib/2.0/webdavlib-2.0.jar:/home/jboss/.m2/repository/jboss/jboss-common-logging-spi/2.0.4.GA/jboss-common-logging-spi-2.0.4.GA.jar:/home/jboss/.m2/repository/org/jboss/ws/cxf/jbossws-cxf-client/4.0.2.GA/jbossws-cxf-client-4.0.2.GA.jar:/home/jboss/.m2/repository/org/jboss/ws/jbossws-api/1.0.0.GA/jbossws-api-1.0.0.GA.jar:/home/jboss/.m2/repository/org/jboss/ws/jbossws-common-tools/1.0.0.GA/jbossws-common-tools-1.0.0.GA.jar:/home/jboss/.m2/repository/org/jboss/ws/jbossws-spi/2.0.3.GA/jbossws-spi-2.0.3.GA.jar:/home/jboss/.m2/repository/org/jboss/ws/cxf/jbossws-cxf-factories/4.0.2.GA/jbossws-cxf-factories-4.0.2.GA.jar:/home/jboss/.m2/repository/org/jboss/ws/cxf/jbossws-cxf-transports-httpserver/4.0.2.GA/jbossws-cxf-transports-httpserver-4.0.2.GA.jar:/home/jboss/.m2/repository/org/jboss/ws/projects/jaxws-jboss-httpserver-httpspi/1.0.1.GA/jaxws-jboss-httpserver-httpspi-1.0.1.GA.jar:/home/jboss/.m2/repository/org/jboss/com/sun/httpserver/httpserver/1.0.0.Final/httpserver-1.0.0.Final.jar:/home/jboss/.m2/repository/org/apache/cxf/cxf-rt-bindings-soap/2.4.6/cxf-rt-bindings-soap-2.4.6.jar:/home/jboss/.m2/repository/org/apache/cxf/cxf-api/2.4.6/cxf-api-2.4.6.jar:/home/jboss/.m2/repository/org/apache/ws/xmlschema/xmlschema-core/2.0.1/xmlschema-core-2.0.1.jar:/home/jboss/.m2/repository/org/apache/neethi/neethi/3.0.1/neethi-3.0.1.jar:/home/jboss/.m2/repository/org/apache/cxf/cxf-tools-common/2.4.6/cxf-tools-common-2.4.6.jar:/home/jboss/.m2/repository/org/apache/cxf/cxf-rt-databinding-jaxb/2.4.6/cxf-rt-databinding-jaxb-2.4.6.jar:/home/jboss/.m2/repository/org/apache/cxf/cxf-rt-bindings-http/2.4.6/cxf-rt-bindings-http-2.4.6.jar:/home/jboss/.m2/repository/org/apache/cxf/cxf-rt-bindings-xml/2.4.6/cxf-rt-bindings-xml-2.4.6.jar:/home/jboss/.m2/repository/org/apache/cxf/cxf-rt-bindings-object/2.4.6/cxf-rt-bindings-object-2.4.6.jar:/home/jboss/.m2/repository/org/apache/cxf/cxf-rt-bindings-coloc/2.4.6/cxf-rt-bindings-coloc-2.4.6.jar:/home/jboss/.m2/repository/org/apache/cxf/cxf-rt-core/2.4.6/cxf-rt-core-2.4.6.jar:/home/jboss/.m2/repository/org/apache/cxf/cxf-rt-frontend-jaxws/2.4.6/cxf-rt-frontend-jaxws-2.4.6.jar:/home/jboss/.m2/repository/xml-resolver/xml-resolver/1.2/xml-resolver-1.2.jar:/home/jboss/.m2/repository/org/apache/cxf/cxf-rt-frontend-simple/2.4.6/cxf-rt-frontend-simple-2.4.6.jar:/home/jboss/.m2/repository/org/apache/cxf/cxf-rt-ws-addr/2.4.6/cxf-rt-ws-addr-2.4.6.jar:/home/jboss/.m2/repository/org/apache/cxf/cxf-rt-transports-http/2.4.6/cxf-rt-transports-http-2.4.6.jar:/home/jboss/.m2/repository/org/apache/cxf/cxf-rt-transports-common/2.4.6/cxf-rt-transports-common-2.4.6.jar:/home/jboss/.m2/repository/org/apache/cxf/cxf-rt-transports-jms/2.4.6/cxf-rt-transports-jms-2.4.6.jar:/home/jboss/.m2/repository/org/apache/cxf/cxf-rt-management/2.4.6/cxf-rt-management-2.4.6.jar:/home/jboss/.m2/repository/com/sun/xml/bind/jaxb-xjc/2.1.13/jaxb-xjc-2.1.13.jar:/home/jboss/.m2/repository/org/apache/cxf/cxf-common-utilities/2.4.6/cxf-common-utilities-2.4.6.jar:/home/jboss/.m2/repository/org/codehaus/woodstox/woodstox-core-asl/4.1.1/woodstox-core-asl-4.1.1.jar:/home/jboss/.m2/repository/org/codehaus/woodstox/stax2-api/3.1.1/stax2-api-3.1.1.jar:/home/jboss/.m2/repository/org/apache/cxf/cxf-rt-transports-local/2.4.6/cxf-rt-transports-local-2.4.6.jar:/home/jboss/.m2/repository/org/apache/cxf/cxf-rt-ws-rm/2.4.6/cxf-rt-ws-rm-2.4.6.jar:/home/jboss/.m2/repository/org/apache/cxf/cxf-rt-ws-policy/2.4.6/cxf-rt-ws-policy-2.4.6.jar:/home/jboss/.m2/repository/org/apache/cxf/cxf-rt-ws-security/2.4.6/cxf-rt-ws-security-2.4.6.jar:/home/jboss/.m2/repository/org/apache/ws/security/wss4j/1.6.4/wss4j-1.6.4.jar:/home/jboss/.m2/repository/org/opensaml/opensaml/2.5.1-1/opensaml-2.5.1-1.jar:/home/jboss/.m2/repository/org/opensaml/openws/1.4.2-1/openws-1.4.2-1.jar:/home/jboss/.m2/repository/org/opensaml/xmltooling/1.3.2-1/xmltooling-1.3.2-1.jar:/home/jboss/.m2/repository/joda-time/joda-time/1.6.2/joda-time-1.6.2.jar:/home/jboss/.m2/repository/xalan/xalan/2.7.1/xalan-2.7.1.jar:/home/jboss/.m2/repository/xalan/serializer/2.7.1/serializer-2.7.1.jar:/home/jboss/.m2/repository/org/apache/cxf/cxf-tools-java2ws/2.4.6/cxf-tools-java2ws-2.4.6.jar:/home/jboss/.m2/repository/wsdl4j/wsdl4j/1.6.2/wsdl4j-1.6.2.jar:/home/jboss/.m2/repository/org/apache/cxf/cxf-rt-databinding-aegis/2.4.6/cxf-rt-databinding-aegis-2.4.6.jar:/home/jboss/.m2/repository/org/apache/cxf/cxf-tools-wsdlto-core/2.4.6/cxf-tools-wsdlto-core-2.4.6.jar:/home/jboss/.m2/repository/org/apache/cxf/cxf-tools-validator/2.4.6/cxf-tools-validator-2.4.6.jar:/home/jboss/.m2/repository/org/apache/cxf/cxf-tools-wsdlto-databinding-jaxb/2.4.6/cxf-tools-wsdlto-databinding-jaxb-2.4.6.jar:/home/jboss/.m2/repository/org/apache/cxf/cxf-tools-wsdlto-frontend-jaxws/2.4.6/cxf-tools-wsdlto-frontend-jaxws-2.4.6.jar:/home/jboss/.m2/repository/org/apache/cxf/xjcplugins/cxf-xjc-boolean/2.4.0/cxf-xjc-boolean-2.4.0.jar:/home/jboss/.m2/repository/org/apache/cxf/xjcplugins/cxf-xjc-dv/2.4.0/cxf-xjc-dv-2.4.0.jar:/home/jboss/.m2/repository/org/apache/cxf/xjcplugins/cxf-xjc-ts/2.4.0/cxf-xjc-ts-2.4.0.jar:/home/jboss/.m2/repository/org/apache/velocity/velocity/1.6.3/velocity-1.6.3.jar:/home/jboss/.m2/repository/oro/oro/2.0.8/oro-2.0.8.jar:/home/jboss/.m2/repository/commons-collections/commons-collections/3.2.1/commons-collections-3.2.1.jar:/home/jboss/.m2/repository/commons-lang/commons-lang/2.4/commons-lang-2.4.jar:/home/jboss/.m2/repository/javax/xml/stream/stax-api/1.0-2/stax-api-1.0-2.jar:/home/jboss/.m2/repository/org/apache/santuario/xmlsec/1.5.1/xmlsec-1.5.1.jar:/home/jboss/.m2/repository/org/codehaus/woodstox/wstx-lgpl/3.2.9/wstx-lgpl-3.2.9.jar:/home/jboss/.m2/repository/stax/stax-api/1.0.1/stax-api-1.0.1.jar:/home/jboss/.m2/repository/com/sun/xml/fastinfoset/FastInfoset/1.2.7/FastInfoset-1.2.7.jar:/home/jboss/.m2/repository/asm/asm/3.3.1/asm-3.3.1.jar:/home/jboss/.m2/repository/org/jboss/spec/javax/xml/rpc/jboss-jaxrpc-api_1.1_spec/1.0.0.Final/jboss-jaxrpc-api_1.1_spec-1.0.0.Final.jar:/home/jboss/.m2/repository/javax/jws/jsr181-api/1.0-MR1/jsr181-api-1.0-MR1.jar:/home/jboss/.m2/repository/org/jboss/spec/javax/xml/bind/jboss-jaxb-api_2.2_spec/1.0.3.Final/jboss-jaxb-api_2.2_spec-1.0.3.Final.jar:/home/jboss/.m2/repository/org/jboss/spec/javax/xml/ws/jboss-jaxws-api_2.2_spec/2.0.0.Final/jboss-jaxws-api_2.2_spec-2.0.0.Final.jar:/home/jboss/.m2/repository/org/jboss/spec/javax/xml/soap/jboss-saaj-api_1.3_spec/1.0.1.Final/jboss-saaj-api_1.3_spec-1.0.1.Final.jar:/home/jboss/.m2/repository/org/jboss/logging/jboss-logging/3.1.0.GA/jboss-logging-3.1.0.GA.jar:/home/jboss/.m2/repository/org/jboss/jbossas/jboss-as-server/5.1.0.GA/jboss-as-server-5.1.0.GA.jar:/home/jboss/.m2/repository/jboss/jboss-serialization/1.0.3.GA/jboss-serialization-1.0.3.GA.jar:/home/jboss/.m2/repository/sun-jaxb/jaxb-api/2.1.9-brew/jaxb-api-2.1.9-brew.jar:/home/jboss/.m2/repository/org/jboss/jbossas/jboss-as-deployment/5.1.0.GA/jboss-as-deployment-5.1.0.GA.jar:/home/jboss/.m2/repository/org/jboss/javaee/jboss-jad-api/1.2.0.GA/jboss-jad-api-1.2.0.GA.jar:/home/jboss/.m2/repository/org/jboss/bootstrap/jboss-bootstrap/1.0.0-Beta-3/jboss-bootstrap-1.0.0-Beta-3.jar:/home/jboss/.m2/repository/org/jboss/man/jboss-managed/2.0.0.GA/jboss-managed-2.0.0.GA.jar:/home/jboss/.m2/repository/org/jboss/microcontainer/jboss-kernel/2.0.4.GA/jboss-kernel-2.0.4.GA.jar:/home/jboss/.m2/repository/org/jboss/integration/jboss-deployment-spi/5.1.0.GA/jboss-deployment-spi-5.1.0.GA.jar:/home/jboss/.m2/repository/org/jboss/jpa/jboss-jpa-deployers/1.0.0/jboss-jpa-deployers-1.0.0.jar:/home/jboss/.m2/repository/org/hibernate/hibernate-entitymanager/3.4.0.GA/hibernate-entitymanager-3.4.0.GA.jar:/home/jboss/.m2/repository/org/jboss/deployers/jboss-deployers-vfs/2.0.5.GA/jboss-deployers-vfs-2.0.5.GA.jar:/home/jboss/.m2/repository/org/jboss/cl/jboss-classloading-vfs/2.0.3.GA/jboss-classloading-vfs-2.0.3.GA.jar:/home/jboss/.m2/repository/org/jboss/deployers/jboss-deployers-vfs-spi/2.0.5.GA/jboss-deployers-vfs-spi-2.0.5.GA.jar:/home/jboss/.m2/repository/org/jboss/cl/jboss-classloading/2.0.3.GA/jboss-classloading-2.0.3.GA.jar:/home/jboss/.m2/repository/org/jboss/cl/jboss-classloader/2.0.3.GA/jboss-classloader-2.0.3.GA.jar:/home/jboss/.m2/repository/org/jboss/microcontainer/jboss-aop-mc-int/2.0.4.GA/jboss-aop-mc-int-2.0.4.GA.jar:/home/jboss/.m2/repository/org/jboss/jboss-common-core/2.2.14.GA/jboss-common-core-2.2.14.GA.jar:/home/jboss/.m2/repository/org/jboss/metadata/jboss-metadata/1.0.1.GA/jboss-metadata-1.0.1.GA.jar:/home/jboss/.m2/repository/org/jboss/ejb3/jboss-ejb3-ext-api/1.0.0/jboss-ejb3-ext-api-1.0.0.jar:/home/jboss/.m2/repository/org/jboss/javaee/jboss-transaction-api/1.0.1.GA/jboss-transaction-api-1.0.1.GA.jar:/home/jboss/.m2/repository/jboss/jbossws/jboss-jaxws/3.0.1-native-2.0.4.GA/jboss-jaxws-3.0.1-native-2.0.4.GA.jar:/home/jboss/.m2/repository/org/jboss/jboss-vfs/2.0.0.CR1/jboss-vfs-2.0.0.CR1.jar:/home/jboss/.m2/repository/org/jboss/jbossas/jboss-as-system-jmx/5.1.0.GA/jboss-as-system-jmx-5.1.0.GA.jar:/home/jboss/.m2/repository/org/jboss/deployers/jboss-deployers-impl/2.0.7.GA/jboss-deployers-impl-2.0.7.GA.jar:/home/jboss/.m2/repository/org/jboss/deployers/jboss-deployers-structure-spi/2.0.7.GA/jboss-deployers-structure-spi-2.0.7.GA.jar:/home/jboss/.m2/repository/org/jboss/microcontainer/jboss-dependency/2.0.6.GA/jboss-dependency-2.0.6.GA.jar:/home/jboss/.m2/repository/org/jboss/jbossas/jboss-as-jmx/5.1.0.GA/jboss-as-jmx-5.1.0.GA.jar:/home/jboss/.m2/repository/org/jboss/integration/jboss-classloading-spi/5.1.0.GA/jboss-classloading-spi-5.1.0.GA.jar:/home/jboss/.m2/repository/org/jboss/jbossas/jboss-as-j2se/5.1.0.GA/jboss-as-j2se-5.1.0.GA-tests.jar:/home/jboss/.m2/repository/org/jboss/jbossas/jboss-as-mbeans/5.1.0.GA/jboss-as-mbeans-5.1.0.GA.jar:/home/jboss/.m2/repository/org/jboss/test/jboss-test/1.1.4.GA/jboss-test-1.1.4.GA.jar:/home/jboss/.m2/repository/org/apache/ant/ant-junit/1.7.0/ant-junit-1.7.0.jar:/home/jboss/.m2/repository/jboss/profiler/jvmti/jboss-profiler-jvmti/1.0.0.CR5/jboss-profiler-jvmti-1.0.0.CR5.jar:/home/jboss/.m2/repository/org/jboss/jbossas/jboss-server-manager/1.0.2.GA/jboss-server-manager-1.0.2.GA.jar:/home/jboss/.m2/repository/org/jboss/jbossas/jboss-as-system/5.1.0.GA/jboss-as-system-5.1.0.GA.jar:/home/jboss/.m2/repository/org/jboss/aop/jboss-aop/2.1.1.GA/jboss-aop-2.1.1.GA.jar:/home/jboss/.m2/repository/org/jboss/integration/jboss-profileservice-spi/5.1.0.GA/jboss-profileservice-spi-5.1.0.GA.jar:/home/jboss/.m2/repository/org/jboss/man/jboss-metatype/2.1.0.SP1/jboss-metatype-2.1.0.SP1.jar:/home/jboss/.m2/repository/org/jboss/javaee/jboss-ejb-api/3.0.0.GA/jboss-ejb-api-3.0.0.GA.jar:/home/jboss/.m2/repository/org/jboss/ws/native/jbossws-native-jaxrpc/3.0.4.GA/jbossws-native-jaxrpc-3.0.4.GA.jar:/home/jboss/.m2/repository/org/jboss/jbossas/jboss-as-j2se/5.1.0.GA/jboss-as-j2se-5.1.0.GA.jar:/home/jboss/.m2/repository/org/jboss/jbossas/jboss-as-security/5.1.0.GA/jboss-as-security-5.1.0.GA.jar:/home/jboss/.m2/repository/javassist/javassist/3.9.0.GA/javassist-3.9.0.GA.jar:/home/jboss/.m2/repository/org/jboss/javaee/jboss-jaspi-api/1.0.0.GA/jboss-jaspi-api-1.0.0.GA.jar:/home/jboss/.m2/repository/org/jboss/integration/jboss-transaction-spi/5.1.0.GA/jboss-transaction-spi-5.1.0.GA.jar:/home/jboss/.m2/repository/org/jboss/javaee/jboss-jacc-api/1.1.0.GA_SP1/jboss-jacc-api-1.1.0.GA_SP1.jar:/home/jboss/.m2/repository/jboss/web/servlet-api/2.1.1.GA/servlet-api-2.1.1.GA.jar:/home/jboss/.m2/repository/org/hibernate/ejb3-persistence/1.0.2.GA/ejb3-persistence-1.0.2.GA.jar:/home/jboss/.m2/repository/org/jboss/javaee/jboss-jms-api/1.1.0.GA/jboss-jms-api-1.1.0.GA.jar:/home/jboss/.m2/repository/org/jboss/ws/native/jbossws-native-saaj/3.1.2.GA/jbossws-native-saaj-3.1.2.GA.jar:/home/jboss/.m2/repository/javax/activation/activation/1.1/activation-1.1.jar:/home/jboss/.m2/repository/org/jboss/ws/native/jbossws-native-jaxws/3.1.2.GA/jbossws-native-jaxws-3.1.2.GA.jar:/home/jboss/.m2/repository/org/jboss/naming/jnp-client/5.0.3.GA/jnp-client-5.0.3.GA.jar:/home/jboss/.m2/repository/javax/security/jaas/1.0.01/jaas-1.0.01.jar:/home/jboss/.m2/repository/org/jboss/javaee/jboss-jca-api/1.5.0.GA/jboss-jca-api-1.5.0.GA.jar:/home/jboss/.m2/repository/org/jboss/security/jbosssx-client/2.0.3.SP1/jbosssx-client-2.0.3.SP1.jar:/home/jboss/.m2/repository/bcel/bcel/5.1/bcel-5.1.jar:/home/jboss/.m2/repository/regexp/regexp/1.2/regexp-1.2.jar:/home/jboss/.m2/repository/org/jboss/remoting/jboss-remoting/2.5.1/jboss-remoting-2.5.1.jar:/home/jboss/.m2/repository/jpl-util/jpl-util/1.0/jpl-util-1.0.jar:/home/jboss/.m2/repository/jpl-pattern/jpl-pattern/1.0/jpl-pattern-1.0.jar:/home/jboss/.m2/repository/org/jboss/jbossxb/2.0.1.GA/jbossxb-2.0.1.GA.jar:/home/jboss/.m2/repository/org/jboss/jboss-reflect/2.0.2.GA/jboss-reflect-2.0.2.GA.jar:/home/jboss/.m2/repository/wutka-dtdparser/dtdparser121/1.2.1/dtdparser121-1.2.1.jar:/home/jboss/.m2/repository/org/jboss/naming/jnpserver/5.0.3.GA/jnpserver-5.0.3.GA.jar:/home/jboss/.m2/repository/gnu-getopt/getopt/1.0.12-brew/getopt-1.0.12-brew.jar:/home/jboss/.m2/repository/org/jboss/logging/jboss-logging-spi/2.1.1.GA/jboss-logging-spi-2.1.1.GA.jar:/home/jboss/.m2/repository/xmlunit/xmlunit/1.3/xmlunit-1.3.jar:/home/jboss/.m2/repository/junit/junit/4.8.2/junit-4.8.2.jar:/home/jboss/.m2/repository/org/jboss/arquillian/junit/arquillian-junit-container/1.0.0.CR1/arquillian-junit-container-1.0.0.CR1.jar:/home/jboss/.m2/repository/org/jboss/arquillian/junit/arquillian-junit-core/1.0.0.CR1/arquillian-junit-core-1.0.0.CR1.jar:/home/jboss/.m2/repository/org/jboss/arquillian/test/arquillian-test-api/1.0.0.CR1/arquillian-test-api-1.0.0.CR1.jar:/home/jboss/.m2/repository/org/jboss/arquillian/core/arquillian-core-api/1.0.0.CR1/arquillian-core-api-1.0.0.CR1.jar:/home/jboss/.m2/repository/org/jboss/arquillian/test/arquillian-test-spi/1.0.0.CR1/arquillian-test-spi-1.0.0.CR1.jar:/home/jboss/.m2/repository/org/jboss/arquillian/core/arquillian-core-spi/1.0.0.CR1/arquillian-core-spi-1.0.0.CR1.jar:/home/jboss/.m2/repository/org/jboss/shrinkwrap/shrinkwrap-api/1.0.0-beta-3/shrinkwrap-api-1.0.0-beta-3.jar:/home/jboss/.m2/repository/org/jboss/arquillian/container/arquillian-container-test-api/1.0.0.CR1/arquillian-container-test-api-1.0.0.CR1.jar:/home/jboss/.m2/repository/org/jboss/arquillian/container/arquillian-container-test-spi/1.0.0.CR1/arquillian-container-test-spi-1.0.0.CR1.jar:/home/jboss/.m2/repository/org/jboss/arquillian/container/arquillian-container-spi/1.0.0.CR1/arquillian-container-spi-1.0.0.CR1.jar:/home/jboss/.m2/repository/org/jboss/shrinkwrap/descriptors/shrinkwrap-descriptors-api/1.0.0-beta-1/shrinkwrap-descriptors-api-1.0.0-beta-1.jar:/home/jboss/.m2/repository/org/jboss/arquillian/core/arquillian-core-impl-base/1.0.0.CR1/arquillian-core-impl-base-1.0.0.CR1.jar:/home/jboss/.m2/repository/org/jboss/arquillian/test/arquillian-test-impl-base/1.0.0.CR1/arquillian-test-impl-base-1.0.0.CR1.jar:/home/jboss/.m2/repository/org/jboss/arquillian/container/arquillian-container-impl-base/1.0.0.CR1/arquillian-container-impl-base-1.0.0.CR1.jar:/home/jboss/.m2/repository/org/jboss/arquillian/config/arquillian-config-api/1.0.0.CR1/arquillian-config-api-1.0.0.CR1.jar:/home/jboss/.m2/repository/org/jboss/arquillian/config/arquillian-config-impl-base/1.0.0.CR1/arquillian-config-impl-base-1.0.0.CR1.jar:/home/jboss/.m2/repository/org/jboss/shrinkwrap/descriptors/shrinkwrap-descriptors-impl/1.0.0-beta-1/shrinkwrap-descriptors-impl-1.0.0-beta-1.jar:/home/jboss/.m2/repository/org/jboss/shrinkwrap/resolver/shrinkwrap-resolver-api/1.0.0-beta-3/shrinkwrap-resolver-api-1.0.0-beta-3.jar:/home/jboss/.m2/repository/org/jboss/shrinkwrap/resolver/shrinkwrap-resolver-api-maven/1.0.0-beta-3/shrinkwrap-resolver-api-maven-1.0.0-beta-3.jar:/home/jboss/.m2/repository/org/jboss/shrinkwrap/resolver/shrinkwrap-resolver-impl-maven/1.0.0-beta-3/shrinkwrap-resolver-impl-maven-1.0.0-beta-3.jar:/home/jboss/.m2/repository/org/sonatype/aether/aether-api/1.8/aether-api-1.8.jar:/home/jboss/.m2/repository/org/sonatype/aether/aether-util/1.8/aether-util-1.8.jar:/home/jboss/.m2/repository/org/sonatype/aether/aether-connector-wagon/1.8/aether-connector-wagon-1.8.jar:/home/jboss/.m2/repository/org/sonatype/aether/aether-spi/1.8/aether-spi-1.8.jar:/home/jboss/.m2/repository/org/codehaus/plexus/plexus-container-default/1.5.5/plexus-container-default-1.5.5.jar:/home/jboss/.m2/repository/org/codehaus/plexus/plexus-classworlds/2.2.2/plexus-classworlds-2.2.2.jar:/home/jboss/.m2/repository/org/apache/xbean/xbean-reflect/3.4/xbean-reflect-3.4.jar:/home/jboss/.m2/repository/com/google/collections/google-collections/1.0/google-collections-1.0.jar:/home/jboss/.m2/repository/org/apache/maven/maven-aether-provider/3.0.1/maven-aether-provider-3.0.1.jar:/home/jboss/.m2/repository/org/apache/maven/maven-model/3.0.1/maven-model-3.0.1.jar:/home/jboss/.m2/repository/org/apache/maven/maven-model-builder/3.0.1/maven-model-builder-3.0.1.jar:/home/jboss/.m2/repository/org/apache/maven/maven-repository-metadata/3.0.1/maven-repository-metadata-3.0.1.jar:/home/jboss/.m2/repository/org/sonatype/aether/aether-impl/1.8/aether-impl-1.8.jar:/home/jboss/.m2/repository/org/codehaus/plexus/plexus-component-annotations/1.5.5/plexus-component-annotations-1.5.5.jar:/home/jboss/.m2/repository/org/codehaus/plexus/plexus-utils/2.0.4/plexus-utils-2.0.4.jar:/home/jboss/.m2/repository/org/apache/maven/maven-settings-builder/3.0.1/maven-settings-builder-3.0.1.jar:/home/jboss/.m2/repository/org/codehaus/plexus/plexus-interpolation/1.14/plexus-interpolation-1.14.jar:/home/jboss/.m2/repository/org/apache/maven/maven-settings/3.0.1/maven-settings-3.0.1.jar:/home/jboss/.m2/repository/org/sonatype/plexus/plexus-sec-dispatcher/1.3/plexus-sec-dispatcher-1.3.jar:/home/jboss/.m2/repository/org/sonatype/plexus/plexus-cipher/1.4/plexus-cipher-1.4.jar:/home/jboss/.m2/repository/org/apache/maven/wagon/wagon-provider-api/1.0-beta-7/wagon-provider-api-1.0-beta-7.jar:/home/jboss/.m2/repository/org/apache/maven/wagon/wagon-file/1.0-beta-7/wagon-file-1.0-beta-7.jar:/home/jboss/.m2/repository/org/apache/maven/wagon/wagon-http-lightweight/1.0-beta-7/wagon-http-lightweight-1.0-beta-7.jar:/home/jboss/.m2/repository/org/apache/maven/wagon/wagon-http-shared/1.0-beta-7/wagon-http-shared-1.0-beta-7.jar:/home/jboss/.m2/repository/org/jboss/arquillian/container/arquillian-container-test-impl-base/1.0.0.CR1/arquillian-container-test-impl-base-1.0.0.CR1.jar:/home/jboss/.m2/repository/org/jboss/shrinkwrap/shrinkwrap-impl-base/1.0.0-beta-3/shrinkwrap-impl-base-1.0.0-beta-3.jar:/home/jboss/.m2/repository/org/jboss/shrinkwrap/shrinkwrap-spi/1.0.0-beta-3/shrinkwrap-spi-1.0.0-beta-3.jar:/home/jboss/.m2/repository/commons-logging/commons-logging/1.1.0.jboss/commons-logging-1.1.0.jboss.jar:/home/jboss/.m2/repository/org/hibernate/hibernate-annotations/3.4.0.GA/hibernate-annotations-3.4.0.GA.jar:/home/jboss/.m2/repository/org/hibernate/hibernate-commons-annotations/3.1.0.GA/hibernate-commons-annotations-3.1.0.GA.jar:/home/jboss/.m2/repository/org/hibernate/hibernate-core/3.3.0.SP1/hibernate-core-3.3.0.SP1.jar:/home/jboss/.m2/repository/antlr/antlr/2.7.6/antlr-2.7.6.jar:/home/jboss/.m2/repository/dom4j/dom4j/1.6.1/dom4j-1.6.1.jar:/home/jboss/.m2/repository/xml-apis/xml-apis/1.0.b2/xml-apis-1.0.b2.jar:/home/jboss/.m2/repository/org/jboss/aop/jboss-aop/2.1.1.GA/jboss-aop-2.1.1.GA-client.jar:/home/jboss/.m2/repository/org/apache/ant/ant/1.7.0/ant-1.7.0.jar:/home/jboss/.m2/repository/org/apache/ant/ant-launcher/1.7.0/ant-launcher-1.7.0.jar:/home/jboss/.m2/repository/qdox/qdox/1.6.1/qdox-1.6.1.jar:/home/jboss/.m2/repository/trove/trove/2.1.1/trove-2.1.1.jar:/home/jboss/.m2/repository/org/jboss/jbossas/jboss-as-ejb3/5.1.0.GA/jboss-as-ejb3-5.1.0.GA-client.jar:/home/jboss/.m2/repository/cglib/cglib/2.1.3/cglib-2.1.3.jar:/home/jboss/.m2/repository/jacorb/jacorb/2.3.0jboss.patch6-brew/jacorb-2.3.0jboss.patch6-brew.jar:/home/jboss/.m2/repository/javax/transaction/jta/1.1/jta-1.1.jar:/home/jboss/.m2/repository/org/jboss/ejb3/jboss-ejb3-as-int/1.1.5/jboss-ejb3-as-int-1.1.5.jar:/home/jboss/.m2/repository/org/jboss/ejb3/jboss-ejb3-core/1.1.5/jboss-ejb3-core-1.1.5.jar:/home/jboss/.m2/repository/org/jboss/ejb3/jboss-ejb3-deployers/1.0.0/jboss-ejb3-deployers-1.0.0.jar:/home/jboss/.m2/repository/org/jboss/ejb3/jboss-ejb3-mc-int/1.0.1/jboss-ejb3-mc-int-1.0.1.jar:/home/jboss/.m2/repository/org/jboss/jbossas/jboss-as-connector/5.1.0.GA/jboss-as-connector-5.1.0.GA.jar:/home/jboss/.m2/repository/org/jboss/jbossas/jboss-as-profileservice/5.1.0.GA/jboss-as-profileservice-5.1.0.GA.jar:/home/jboss/.m2/repository/org/jboss/jbossas/jboss-as-aspects/5.1.0.GA/jboss-as-aspects-5.1.0.GA.jar:/home/jboss/.m2/repository/org/jboss/aop/jboss-aop-aspects/2.1.1.GA/jboss-aop-aspects-2.1.1.GA.jar:/home/jboss/.m2/repository/org/beanshell/bsh/1.3.0/bsh-1.3.0.jar:/home/jboss/.m2/repository/org/jboss/aop/jboss-aop-asintegration-core/2.1.1.GA/jboss-aop-asintegration-core-2.1.1.GA.jar:/home/jboss/.m2/repository/org/jboss/aop/pluggable-instrumentor/2.1.1.GA/pluggable-instrumentor-2.1.1.GA.jar:/home/jboss/.m2/repository/org/jboss/aop/jboss-aop-asintegration-jmx/2.1.1.GA/jboss-aop-asintegration-jmx-2.1.1.GA.jar:/home/jboss/.m2/repository/org/jboss/aop/jboss-aop-asintegration-mc/2.1.1.GA/jboss-aop-asintegration-mc-2.1.1.GA.jar:/home/jboss/.m2/repository/javax/mail/mail/1.4/mail-1.4.jar:/home/jboss/.m2/repository/org/jboss/jbossas/jboss-as-iiop/5.1.0.GA/jboss-as-iiop-5.1.0.GA.jar:/home/jboss/.m2/repository/org/jboss/deployers/jboss-deployers-spi/2.0.7.GA/jboss-deployers-spi-2.0.7.GA.jar:/home/jboss/.m2/repository/org/jboss/integration/jboss-corba-ots-spi/5.1.0.GA/jboss-corba-ots-spi-5.1.0.GA.jar:/home/jboss/.m2/repository/org/jboss/jbossas/jboss-as-server/5.1.0.GA/jboss-as-server-5.1.0.GA-client.jar:/home/jboss/.m2/repository/org/jboss/deployers/jboss-deployers-client/2.0.7.GA/jboss-deployers-client-2.0.7.GA.jar:/home/jboss/.m2/repository/org/jboss/deployers/jboss-deployers-client-spi/2.0.7.GA/jboss-deployers-client-spi-2.0.7.GA.jar:/home/jboss/.m2/repository/org/jboss/deployers/jboss-deployers-core-spi/2.0.7.GA/jboss-deployers-core-spi-2.0.7.GA.jar:/home/jboss/.m2/repository/org/jboss/deployers/jboss-deployers-core/2.0.7.GA/jboss-deployers-core-2.0.7.GA.jar:/home/jboss/.m2/repository/org/jboss/ejb3/jboss-ejb3-common/1.0.0/jboss-ejb3-common-1.0.0-client.jar:/home/jboss/.m2/repository/org/jboss/ejb3/jboss-ejb3-core/1.1.5/jboss-ejb3-core-1.1.5-client.jar:/home/jboss/.m2/repository/org/jboss/integration/jboss-jca-spi/5.0.3.GA/jboss-jca-spi-5.0.3.GA.jar:/home/jboss/.m2/repository/org/jboss/cache/jbosscache-core/3.1.0.GA/jbosscache-core-3.1.0.GA.jar:/home/jboss/.m2/repository/org/jboss/aspects/jboss-remoting-aspects/1.0.2/jboss-remoting-aspects-1.0.2.jar:/home/jboss/.m2/repository/org/jboss/aspects/jboss-transaction-aspects/1.0.0.GA/jboss-transaction-aspects-1.0.0.GA.jar:/home/jboss/.m2/repository/org/jboss/aspects/jboss-security-aspects/1.0.0.GA/jboss-security-aspects-1.0.0.GA.jar:/home/jboss/.m2/repository/javax/security/jacc/1.0/jacc-1.0.jar:/home/jboss/.m2/repository/org/jboss/cluster/jboss-ha-server-api/1.1.1.GA/jboss-ha-server-api-1.1.1.GA.jar:/home/jboss/.m2/repository/org/jboss/ejb3/jboss-ejb3-cache/1.0.0/jboss-ejb3-cache-1.0.0.jar:/home/jboss/.m2/repository/org/jboss/ejb3/jboss-ejb3-common/1.0.0/jboss-ejb3-common-1.0.0.jar:/home/jboss/.m2/repository/org/jboss/ejb3/jboss-ejb3-endpoint/0.1.0/jboss-ejb3-endpoint-0.1.0.jar:/home/jboss/.m2/repository/org/jboss/ejb3/jboss-ejb3-security/1.0.0/jboss-ejb3-security-1.0.0.jar:/home/jboss/.m2/repository/org/jboss/ejb3/jboss-ejb3-timerservice-spi/1.0.0/jboss-ejb3-timerservice-spi-1.0.0.jar:/home/jboss/.m2/repository/org/jboss/ejb3/jboss-ejb3-ext-api-impl/1.0.0/jboss-ejb3-ext-api-impl-1.0.0.jar:/home/jboss/.m2/repository/org/jboss/ejb3/jboss-ejb3-interceptors/1.0.2/jboss-ejb3-interceptors-1.0.2.jar:/home/jboss/.m2/repository/org/jboss/ejb3/jboss-ejb3-metadata/1.0.0/jboss-ejb3-metadata-1.0.0.jar:/home/jboss/.m2/repository/org/jboss/ejb3/jboss-ejb3-proxy-impl/1.0.2/jboss-ejb3-proxy-impl-1.0.2.jar:/home/jboss/.m2/repository/org/jboss/ejb3/jboss-ejb3-proxy-clustered/1.0.1/jboss-ejb3-proxy-clustered-1.0.1.jar:/home/jboss/.m2/repository/org/jboss/ejb3/jboss-ejb3-proxy-spi/1.0.0/jboss-ejb3-proxy-spi-1.0.0.jar:/home/jboss/.m2/repository/org/jboss/ejb3/jboss-ejb3-transactions/1.0.0/jboss-ejb3-transactions-1.0.0.jar:/home/jboss/.m2/repository/quartz/quartz/1.6.0/quartz-1.6.0.jar:/home/jboss/.m2/repository/sun-jaxws/jaxws-api/2.1.1/jaxws-api-2.1.1.jar:/home/jboss/.m2/repository/sun-jaxws/jsr181-api/2.1.1/jsr181-api-2.1.1.jar:/home/jboss/.m2/repository/org/jboss/ejb3/jboss-ejb3-proxy-clustered/1.0.1/jboss-ejb3-proxy-clustered-1.0.1-client.jar:/home/jboss/.m2/repository/org/jboss/ejb3/jboss-ejb3-proxy-impl/1.0.2/jboss-ejb3-proxy-impl-1.0.2-client.jar:/home/jboss/.m2/repository/org/jboss/ejb3/jboss-ejb3-proxy-spi/1.0.0/jboss-ejb3-proxy-spi-1.0.0-client.jar:/home/jboss/.m2/repository/org/jboss/ejb3/jboss-ejb3-security/1.0.0/jboss-ejb3-security-1.0.0-client.jar:/home/jboss/.m2/repository/org/jboss/aspects/jboss-current-invocation-aspects/1.0.0.CR1/jboss-current-invocation-aspects-1.0.0.CR1.jar:/home/jboss/.m2/repository/org/jboss/cluster/jboss-ha-client/1.1.1.GA/jboss-ha-client-1.1.1.GA.jar:/home/jboss/.m2/repository/org/jboss/jbossas/jboss-as-cluster/5.1.0.GA/jboss-as-cluster-5.1.0.GA-jboss-ha-legacy-client.jar:/home/jboss/.m2/repository/jgroups/jgroups/2.6.10.GA/jgroups-2.6.10.GA.jar:/home/jboss/.m2/repository/org/jboss/cluster/jboss-ha-server-cache-spi/2.0.0.GA/jboss-ha-server-cache-spi-2.0.0.GA.jar:/home/jboss/.m2/repository/org/jboss/cluster/jboss-ha-server-cache-jbc/2.0.0.GA/jboss-ha-server-cache-jbc-2.0.0.GA.jar:/home/jboss/.m2/repository/org/jboss/jbossas/jboss-as-iiop/5.1.0.GA/jboss-as-iiop-5.1.0.GA-client.jar:/home/jboss/.m2/repository/apache-avalon/avalon-framework/4.1.5/avalon-framework-4.1.5.jar:/home/jboss/.m2/repository/org/jboss/jbossas/jboss-as-main/5.1.0.GA/jboss-as-main-5.1.0.GA.jar:/home/jboss/.m2/repository/org/jboss/integration/jboss-integration/5.1.0.GA/jboss-integration-5.1.0.GA.jar:/home/jboss/.m2/repository/org/jboss/javaee/jboss-javaee/5.0.1.GA/jboss-javaee-5.0.1.GA.jar:/home/jboss/.m2/repository/org/jboss/jbossas/jboss-as-management/5.1.0.GA/jboss-as-management-5.1.0.GA-jsr77-client.jar:/home/jboss/.m2/repository/org/jboss/jbossas/jboss-as-cluster/5.1.0.GA/jboss-as-cluster-5.1.0.GA.jar:/home/jboss/.m2/repository/org/jboss/logging/jboss-logging-jdk/2.1.0.GA/jboss-logging-jdk-2.1.0.GA.jar:/home/jboss/.m2/repository/org/jboss/logging/jboss-logging-log4j/2.1.0.GA/jboss-logging-log4j-2.1.0.GA.jar:/home/jboss/.m2/repository/org/jboss/jbossas/jboss-as-main/5.1.0.GA/jboss-as-main-5.1.0.GA-client.jar:/home/jboss/.m2/repository/org/jboss/logbridge/jboss-logbridge/1.0.0.GA/jboss-logbridge-1.0.0.GA.jar:/home/jboss/.m2/repository/org/jboss/logmanager/jboss-logmanager/1.0.0.GA/jboss-logmanager-1.0.0.GA.jar:/home/jboss/.m2/repository/org/jboss/jboss-mdr/2.0.1.GA/jboss-mdr-2.0.1.GA.jar:/home/jboss/.m2/repository/jboss/messaging/jboss-messaging/1.4.3.GA/jboss-messaging-1.4.3.GA.jar:/home/jboss/.m2/repository/org/jboss/jbossas/jboss-as-system/5.1.0.GA/jboss-as-system-5.1.0.GA-client.jar:/home/jboss/.m2/repository/org/jboss/jbossas/jboss-as-system-jmx/5.1.0.GA/jboss-as-system-jmx-5.1.0.GA-client.jar:/home/jboss/.m2/repository/org/jboss/jbossas/jboss-as-server/5.1.0.GA/jboss-as-server-5.1.0.GA-jmx-invoker-adaptor-client.jar:/home/jboss/.m2/repository/org/slf4j/slf4j-api/1.5.6/slf4j-api-1.5.6.jar:/home/jboss/.m2/repository/org/jboss/slf4j/slf4j-jboss-logging/1.0.2.GA/slf4j-jboss-logging-1.0.2.GA.jar:/home/jboss/.m2/repository/org/apache/xmlsec/1.4.2/xmlsec-1.4.2.jar:"/>
    <property name="java.vm.specification.version" value="1.0"/>
    <property name="sun.arch.data.model" value="32"/>
    <property name="java.home" value="/usr/lib/jvm/java-1.6.0-openjdk-1.6.0.0/jre"/>
    <property name="sun.java.command" value="/home/jboss/workspace/MyMvnWorkspaces/esf2-jaxws/target/surefire/surefirebooter1202803639402647672.jar /home/jboss/workspace/MyMvnWorkspaces/esf2-jaxws/target/surefire/surefire9064834142352251204tmp /home/jboss/workspace/MyMvnWorkspaces/esf2-jaxws/target/surefire/surefire5264794878318923918tmp"/>
    <property name="java.specification.vendor" value="Sun Microsystems Inc."/>
    <property name="user.language" value="en"/>
    <property name="java.vm.info" value="mixed mode"/>
    <property name="java.version" value="1.6.0_22"/>
    <property name="java.ext.dirs" value="/usr/lib/jvm/java-1.6.0-openjdk-1.6.0.0/jre/lib/ext:/usr/java/packages/lib/ext"/>
    <property name="sun.boot.class.path" value="/usr/lib/jvm/java-1.6.0-openjdk-1.6.0.0/jre/lib/resources.jar:/usr/lib/jvm/java-1.6.0-openjdk-1.6.0.0/jre/lib/rt.jar:/usr/lib/jvm/java-1.6.0-openjdk-1.6.0.0/jre/lib/sunrsasign.jar:/usr/lib/jvm/java-1.6.0-openjdk-1.6.0.0/jre/lib/jsse.jar:/usr/lib/jvm/java-1.6.0-openjdk-1.6.0.0/jre/lib/jce.jar:/usr/lib/jvm/java-1.6.0-openjdk-1.6.0.0/jre/lib/charsets.jar:/usr/lib/jvm/java-1.6.0-openjdk-1.6.0.0/jre/lib/netx.jar:/usr/lib/jvm/java-1.6.0-openjdk-1.6.0.0/jre/lib/plugin.jar:/usr/lib/jvm/java-1.6.0-openjdk-1.6.0.0/jre/lib/rhino.jar:/usr/lib/jvm/java-1.6.0-openjdk-1.6.0.0/jre/lib/modules/jdk.boot.jar:/usr/lib/jvm/java-1.6.0-openjdk-1.6.0.0/jre/classes"/>
    <property name="java.vendor" value="Sun Microsystems Inc."/>
    <property name="localRepository" value="/home/jboss/.m2/repository"/>
    <property name="file.separator" value="/"/>
    <property name="java.vendor.url.bug" value="http://java.sun.com/cgi-bin/bugreport.cgi"/>
    <property name="sun.cpu.endian" value="little"/>
    <property name="sun.io.unicode.encoding" value="UnicodeLittle"/>
    <property name="sun.desktop" value="gnome"/>
    <property name="sun.cpu.isalist" value=""/>
  </properties>
  <testcase time="0.001" classname="mil.spawar.esf2.jaxws.client.AppTest" name="testApp"/>
</testsuite>